number,sys_created_on,sys_created_by,opened_at,resolved_at,reopened_time,activity_due,closed_at,closed_by,due_date,sla_due,contact_type,category,urgency,short_description,priority,state,escalation
INC0,2020-01-01 02:22:21,UserA,2020-03-26 01:40:07,2020-06-06 13:34:48,,,,UserC,2020-05-17 22:15:02,,walk-in,Help,1 High,This is a description,2 - High,In Progress,Moderate
INC1,2020-02-28 11:44:42,UserA,2020-03-09 05:35:03,,,2020-04-13 09:16:21,,UserA,,,phone,Software,1 High,This is a description,3 - Moderate,In Progress,New
INC2,2020-01-12 18:57:25,UserG,2020-03-27 04:05:08,,,2020-03-25 00:06:29,,UserB,,2020-06-05 07:38:10,phone,Hardware,2 Medium,This is a description,4 - Low,Normal,
INC3,2020-01-08 06:31:25,UserB,2020-02-24 16:16:52,,,,,UserB,,,phone,Software,3 Low,This is a description,4 - Low,On Hold,Overdue
INC4,2020-02-23 03:59:31,UserA,2020-02-18 21:54:20,,,2020-03-26 09:29:55,,UserA,,,email,Network,2 Medium,This is a description,4 - Low,On Hold,Normal
INC5,2020-02-23 09:51:05,UserC,2020-03-14 18:53:33,2020-06-11 08:58:36,,2020-03-27 23:57:19,,UserA,2020-04-15 05:43:36,,email,Help,2 Medium,This is a description,2 - High,Normal,
INC6,2020-02-22 17:19:40,UserA,2020-03-16 00:02:51,,,,,UserB,,,email,Help,2 Medium,This is a description,3 - Moderate,In Progress,New
INC7,2020-02-11 10:17:29,UserA,2020-03-23 07:14:50,,,,,UserA,,2020-05-28 17:19:31,email,Hardware,3 Low,This is a description,3 - Moderate,In Progress,New
INC8,2020-02-15 18:32:18,UserB,2020-02-04 09:11:22,,,,2020-09-22 23:23:42,UserC,,,email,Software,2 Medium,This is a description,3 - Moderate,On Hold,Normal
INC9,2020-02-05 02:03:09,UserE,2020-03-13 22:33:06,,,2020-04-17 13:56:34,,UserB,,,walk-in,Smartphone,2 Medium,This is a description,2 - High,In Progress,Normal
INC10,2020-02-22 04:12:17,UserG,2020-02-09 03:07:56,,,,,UserA,2020-04-23 15:23:11,2020-05-20 19:18:27,walk-in,Help,3 Low,This is a description,3 - Moderate,On Hold,
INC11,2020-02-28 19:57:26,UserA,2020-02-21 16:31:26,,,2020-03-23 03:37:15,,UserA,2020-04-22 01:54:04,,phone,Hardware,2 Medium,This is a description,4 - Low,,Normal
INC12,2020-02-26 15:20:40,UserG,2020-03-04 05:52:22,,,,2020-09-14 17:57:50,UserF,2020-05-01 05:19:01,2020-05-12 22:29:35,phone,Smartphone,3 Low,This is a description,4 - Low,,Normal
INC13,2020-02-10 02:37:13,UserB,2020-02-16 19:31:07,,,2020-04-25 05:36:07,,UserC,,,email,Smartphone,3 Low,This is a description,4 - Low,Normal,Overdue
INC14,2020-02-10 17:25:02,UserA,2020-03-23 07:36:29,,,,,UserF,,,walk-in,Help,2 Medium,This is a description,5 - Planning,In Progress,Normal
INC15,2020-01-08 15:48:26,UserA,2020-02-28 21:42:22,,,,,UserA,,,email,Hardware,3 Low,This is a description,3 - Moderate,,Normal
INC16,2020-02-26 15:37:50,UserG,2020-03-27 09:39:55,2020-07-02 20:55:13,,,,UserA,2020-04-19 17:12:12,,email,Software,2 Medium,This is a description,2 - High,In Progress,Overdue
INC17,2020-01-12 22:20:26,UserB,2020-03-28 04:16:27,,,,,UserD,,2020-05-16 04:12:03,phone,Software,2 Medium,This is a description,5 - Planning,Closed,
INC18,2020-01-15 14:17:34,UserA,2020-03-07 21:27:59,,,,,UserB,,,walk-in,Network,2 Medium,This is a description,3 - Moderate,Normal,Overdue
INC19,2020-02-28 15:18:36,UserB,2020-03-24 01:54:13,,,2020-03-16 05:55:34,,UserC,,2020-05-15 03:26:57,phone,Help,2 Medium,This is a description,2 - High,In Progress,High
INC20,2020-02-28 22:05:10,UserA,2020-03-20 05:24:23,2020-07-11 10:36:22,2020-07-05 00:59:52,2020-04-04 04:35:38,,UserB,,,walk-in,Help,1 High,This is a description,4 - Low,In Progress,New
INC21,2020-02-18 01:02:48,UserA,2020-03-01 20:46:53,,2020-07-05 14:12:54,2020-03-07 17:12:46,,UserB,,2020-05-21 16:03:32,walk-in,Software,2 Medium,This is a description,3 - Moderate,On Hold,
INC22,2020-01-25 03:43:30,UserA,2020-03-27 17:07:40,,2020-08-20 01:56:40,,,UserD,,,walk-in,Software,2 Medium,This is a description,2 - High,Normal,Moderate
INC23,2020-01-11 17:58:43,UserF,2020-02-22 16:49:14,,,,,UserG,,,email,Help,1 High,This is a description,3 - Moderate,In Progress,High
INC24,2020-02-22 16:13:15,UserA,2020-03-25 17:24:40,,,,,UserB,,,email,Help,1 High,This is a description,2 - High,In Progress,New
INC25,2020-01-04 19:42:18,UserB,2020-02-12 20:20:30,,2020-07-13 20:52:03,,,UserE,,,email,Help,1 High,This is a description,3 - Moderate,Normal,High
INC26,2020-01-01 19:07:30,UserC,2020-02-04 00:23:56,,,,,UserA,,,walk-in,Help,3 Low,This is a description,2 - High,Normal,Normal
INC27,2020-02-21 20:54:27,UserB,2020-02-17 06:29:36,2020-07-02 19:47:17,,,,UserA,2020-04-06 21:45:13,,walk-in,Network,1 High,This is a description,4 - Low,On Hold,Normal
INC28,2020-02-04 08:07:45,UserG,2020-02-18 01:54:25,,,2020-03-20 19:11:13,,UserA,,2020-05-02 07:34:11,walk-in,Smartphone,2 Medium,This is a description,2 - High,Closed,
INC29,2020-01-21 02:32:23,UserA,2020-03-24 17:24:18,,,,,UserB,,,email,Software,2 Medium,This is a description,1 - Critical,On Hold,Overdue
INC30,2020-01-01 18:59:56,UserE,2020-02-14 10:10:24,,,2020-04-21 14:05:36,,UserE,,,walk-in,Hardware,2 Medium,This is a description,5 - Planning,Normal,Overdue
INC31,2020-02-03 13:56:29,UserG,2020-02-12 12:30:46,,,,2020-09-24 13:25:09,UserA,2020-05-19 17:21:14,2020-06-24 05:30:10,email,Network,1 High,This is a description,3 - Moderate,In Progress,New
INC32,2020-01-24 11:48:04,UserD,2020-02-28 04:24:45,,,,,UserD,,,walk-in,Hardware,2 Medium,This is a description,3 - Moderate,In Progress,New
INC33,2020-01-02 13:10:46,UserD,2020-02-16 23:25:08,,2020-07-15 18:22:34,2020-03-12 06:59:09,,UserB,2020-05-16 07:01:24,,email,Help,2 Medium,This is a description,3 - Moderate,In Progress,
INC34,2020-01-02 00:01:42,UserC,2020-02-25 04:41:40,,,2020-04-20 05:30:52,,UserE,2020-04-11 10:28:05,,phone,Help,1 High,This is a description,4 - Low,,Overdue
INC35,2020-01-25 07:18:25,UserF,2020-03-26 12:07:43,,,,,UserF,,,walk-in,Hardware,2 Medium,This is a description,4 - Low,In Progress,
INC36,2020-01-05 00:41:01,UserE,2020-03-16 05:20:35,,,,,UserG,,,walk-in,Hardware,3 Low,This is a description,1 - Critical,Normal,High
INC37,2020-01-23 13:03:07,UserA,2020-02-09 16:47:22,,,2020-03-08 14:31:25,,UserB,2020-05-15 00:09:46,,walk-in,Network,2 Medium,This is a description,2 - High,In Progress,Normal
INC38,2020-02-08 08:56:16,UserA,2020-03-21 01:16:07,2020-06-20 01:19:14,,,,UserC,,,walk-in,Help,2 Medium,This is a description,3 - Moderate,Normal,Moderate
INC39,2020-01-09 07:22:12,UserD,2020-03-10 14:39:01,,2020-07-04 06:58:30,,2020-09-01 22:01:10,UserA,,,email,Help,1 High,This is a description,1 - Critical,On Hold,Normal
INC40,2020-02-16 12:29:32,UserF,2020-03-28 22:29:57,,,,,UserD,,2020-06-16 12:19:31,walk-in,Smartphone,2 Medium,This is a description,2 - High,,
INC41,2020-01-14 21:10:15,UserA,2020-02-17 01:26:13,,,,,UserD,,,walk-in,Help,2 Medium,This is a description,5 - Planning,On Hold,Overdue
INC42,2020-01-18 05:31:01,UserD,2020-03-24 09:51:26,,,,,UserA,,,walk-in,Hardware,3 Low,This is a description,3 - Moderate,In Progress,
INC43,2020-01-15 04:29:17,UserG,2020-02-13 03:45:36,2020-07-28 12:02:45,,2020-03-06 22:34:38,,UserD,2020-04-09 02:07:33,,email,Hardware,3 Low,This is a description,2 - High,In Progress,New
INC44,2020-02-07 22:54:17,UserF,2020-02-01 06:25:17,,,,,UserA,,,email,Help,3 Low,This is a description,3 - Moderate,In Progress,Normal
INC45,2020-02-05 07:59:05,UserE,2020-02-08 17:48:14,,,2020-04-05 10:22:23,2020-09-24 07:05:53,UserB,2020-04-20 16:59:30,,email,Help,2 Medium,This is a description,4 - Low,In Progress,High
INC46,2020-01-08 00:01:03,UserB,2020-02-26 10:30:56,,2020-07-14 11:24:52,,,UserA,,,email,Hardware,2 Medium,This is a description,4 - Low,Normal,Moderate
INC47,2020-01-02 09:04:10,UserA,2020-03-19 15:41:53,,,2020-04-03 02:16:49,,UserC,,2020-06-18 04:34:27,email,Software,2 Medium,This is a description,4 - Low,,Normal
INC48,2020-02-03 15:07:17,UserD,2020-02-01 09:41:50,,,,,UserD,2020-04-27 10:49:29,2020-06-17 08:47:49,email,Help,1 High,This is a description,3 - Moderate,Normal,
INC49,2020-02-27 06:43:16,UserB,2020-03-03 10:04:55,,,2020-04-01 14:21:46,,UserB,,2020-06-25 06:45:37,phone,Software,2 Medium,This is a description,2 - High,Closed,Overdue
INC50,2020-02-28 22:11:01,UserB,2020-02-06 02:31:43,,,2020-04-27 02:17:28,,UserB,,,walk-in,Software,3 Low,This is a description,4 - Low,,
INC51,2020-01-26 14:39:42,UserB,2020-03-11 09:50:37,,,2020-03-04 21:23:38,,UserG,,,email,Software,2 Medium,This is a description,4 - Low,In Progress,Moderate
INC52,2020-01-16 10:07:20,UserB,2020-02-02 22:45:03,2020-06-25 23:15:45,2020-08-16 20:47:13,,,UserA,2020-04-28 12:17:05,,walk-in,Help,2 Medium,This is a description,5 - Planning,In Progress,
INC53,2020-01-01 23:10:53,UserA,2020-03-25 19:57:18,,,,,UserF,,,walk-in,Hardware,3 Low,This is a description,4 - Low,In Progress,New
INC54,2020-01-24 14:04:18,UserF,2020-03-06 04:47:31,2020-07-11 13:32:49,,,,UserD,,2020-06-26 00:18:25,walk-in,Help,2 Medium,This is a description,5 - Planning,In Progress,Normal
INC55,2020-02-06 20:44:15,UserA,2020-02-09 00:35:58,,2020-07-27 10:43:22,2020-03-23 16:58:25,,UserD,,,walk-in,Help,2 Medium,This is a description,3 - Moderate,Normal,High
INC56,2020-02-14 21:55:10,UserC,2020-03-04 17:15:55,,2020-08-19 17:24:50,2020-03-11 11:03:07,,UserA,,,email,Help,2 Medium,This is a description,4 - Low,In Progress,
INC57,2020-01-03 07:30:51,UserA,2020-03-12 04:07:34,,,,,UserE,2020-04-14 02:59:50,2020-06-17 02:13:43,email,Help,3 Low,This is a description,3 - Moderate,On Hold,
INC58,2020-02-20 03:32:06,UserC,2020-02-25 16:38:04,2020-07-06 17:06:23,,2020-03-05 04:03:03,,UserF,2020-04-07 09:22:09,2020-06-28 22:36:37,email,Software,2 Medium,This is a description,2 - High,Normal,Overdue
INC59,2020-01-14 06:47:23,UserA,2020-02-14 15:36:45,,,,,UserE,,2020-05-06 06:20:26,walk-in,Help,1 High,This is a description,1 - Critical,In Progress,Moderate
INC60,2020-01-07 14:56:13,UserA,2020-02-12 14:07:45,,2020-07-21 19:40:20,2020-04-06 18:14:45,,UserA,,,walk-in,Help,3 Low,This is a description,4 - Low,Normal,New
INC61,2020-01-18 04:49:42,UserD,2020-02-06 20:10:59,2020-07-06 19:05:03,,2020-03-19 11:54:34,,UserA,2020-04-27 00:07:12,2020-06-14 19:45:26,email,Help,2 Medium,This is a description,2 - High,In Progress,
INC62,2020-02-20 19:13:32,UserD,2020-03-21 15:38:44,2020-06-08 09:47:03,2020-07-19 11:30:01,2020-04-21 06:23:15,,UserD,,2020-06-23 08:50:49,walk-in,Hardware,1 High,This is a description,2 - High,,Overdue
INC63,2020-01-16 16:39:49,UserB,2020-02-08 07:57:57,,2020-08-15 06:10:26,,,UserA,2020-04-02 05:08:39,,email,Software,2 Medium,This is a description,3 - Moderate,Normal,Moderate
INC64,2020-01-16 15:01:41,UserA,2020-02-18 20:59:49,,,,,UserA,2020-05-24 06:53:17,2020-06-15 02:16:11,email,Hardware,1 High,This is a description,2 - High,Normal,
INC65,2020-01-04 23:57:37,UserA,2020-02-20 18:08:20,,,,,UserB,,,walk-in,Smartphone,1 High,This is a description,3 - Moderate,,New
INC66,2020-02-25 12:51:30,UserB,2020-03-04 11:51:13,,,,2020-10-12 19:36:23,UserA,,,walk-in,Help,2 Medium,This is a description,1 - Critical,In Progress,New
INC67,2020-01-18 03:33:45,UserA,2020-02-22 03:44:35,,2020-07-23 13:31:51,,,UserA,2020-05-07 15:19:10,,walk-in,Network,2 Medium,This is a description,2 - High,On Hold,Moderate
INC68,2020-02-25 22:26:44,UserA,2020-03-27 13:46:38,2020-07-08 10:09:40,2020-08-26 11:24:56,2020-03-22 00:41:44,,UserA,2020-04-12 22:56:59,,walk-in,Help,3 Low,This is a description,3 - Moderate,Normal,
INC69,2020-02-23 04:04:44,UserE,2020-02-05 20:57:31,,,2020-04-16 11:54:24,,UserB,,2020-05-01 07:55:24,email,Smartphone,3 Low,This is a description,2 - High,In Progress,Normal
INC70,2020-02-07 03:56:46,UserC,2020-02-08 18:28:46,,,,,UserB,2020-04-28 18:46:11,,phone,Help,2 Medium,This is a description,5 - Planning,Normal,
INC71,2020-01-07 09:52:56,UserB,2020-02-23 17:11:56,,2020-08-24 16:10:52,2020-03-03 23:52:39,,UserB,,2020-06-20 00:42:33,email,Hardware,2 Medium,This is a description,3 - Moderate,In Progress,Normal
INC72,2020-02-20 12:42:49,UserB,2020-02-24 23:11:22,,,2020-04-25 17:13:54,,UserE,2020-05-13 19:56:56,,walk-in,Hardware,3 Low,This is a description,5 - Planning,,New
INC73,2020-01-16 18:24:39,UserE,2020-03-28 08:35:02,,,,,UserD,2020-05-23 08:40:27,,walk-in,Hardware,2 Medium,This is a description,4 - Low,In Progress,Overdue
INC74,2020-02-26 00:19:45,UserC,2020-03-26 04:23:16,,,2020-04-21 15:21:16,,UserB,2020-04-06 02:13:42,2020-06-19 16:43:26,email,Help,2 Medium,This is a description,2 - High,Closed,Normal
INC75,2020-01-21 17:43:28,UserA,2020-02-06 12:22:34,,,,,UserC,2020-04-28 19:14:08,,walk-in,Hardware,1 High,This is a description,1 - Critical,Normal,
INC76,2020-02-28 09:53:28,UserF,2020-02-19 23:57:40,,,2020-04-28 00:46:38,,UserC,,,walk-in,Help,2 Medium,This is a description,2 - High,Closed,Normal
INC77,2020-01-11 17:27:38,UserA,2020-02-02 13:48:34,,2020-07-19 19:31:49,,,UserA,,,phone,Smartphone,3 Low,This is a description,3 - Moderate,Normal,Normal
INC78,2020-02-27 22:24:23,UserF,2020-02-05 13:52:01,,,2020-03-13 23:09:22,,UserD,,2020-05-17 00:58:29,walk-in,Software,1 High,This is a description,3 - Moderate,In Progress,
INC79,2020-01-28 19:42:41,UserA,2020-03-21 03:44:08,,2020-07-24 21:07:26,,,UserF,,,walk-in,Smartphone,2 Medium,This is a description,3 - Moderate,Normal,High
INC80,2020-01-13 05:08:39,UserB,2020-03-28 05:20:26,,,2020-04-01 03:27:05,,UserG,2020-05-27 03:55:53,,phone,Help,1 High,This is a description,3 - Moderate,On Hold,Overdue
INC81,2020-01-20 11:27:07,UserD,2020-02-05 13:28:56,,,,,UserA,,2020-06-02 13:06:47,email,Help,2 Medium,This is a description,4 - Low,,Overdue
INC82,2020-02-22 06:51:12,UserC,2020-03-09 16:25:38,,,2020-03-26 20:19:12,,UserG,,2020-06-24 08:28:38,email,Help,1 High,This is a description,5 - Planning,Normal,New
INC83,2020-01-17 15:58:48,UserE,2020-02-05 14:13:38,,,2020-04-04 02:18:25,2020-10-01 12:32:19,UserB,,,walk-in,Software,2 Medium,This is a description,4 - Low,Normal,New
INC84,2020-01-21 02:08:39,UserA,2020-02-18 12:45:58,,,,,UserE,,2020-06-15 13:57:34,walk-in,Help,1 High,This is a description,4 - Low,In Progress,Overdue
INC85,2020-01-04 21:54:31,UserC,2020-03-25 12:28:46,,2020-07-28 02:13:13,2020-04-01 18:05:53,,UserF,,,walk-in,Hardware,3 Low,This is a description,2 - High,Normal,
INC86,2020-02-04 01:52:36,UserG,2020-03-03 11:01:10,,2020-07-17 09:45:58,,,UserA,,,walk-in,Help,2 Medium,This is a description,4 - Low,In Progress,Overdue
INC87,2020-02-12 07:59:07,UserA,2020-03-20 10:06:13,,2020-07-16 16:14:29,2020-03-12 03:22:12,,UserB,2020-04-23 12:09:50,,email,Network,2 Medium,This is a description,2 - High,In Progress,Overdue
INC88,2020-01-13 12:37:05,UserB,2020-03-03 16:30:41,,,,,UserB,,2020-05-18 04:51:32,walk-in,Help,3 Low,This is a description,2 - High,Normal,Moderate
INC89,2020-01-15 23:40:24,UserB,2020-02-08 14:35:52,2020-07-16 02:13:02,2020-07-20 14:26:39,,,UserA,2020-05-22 04:42:34,,walk-in,Software,2 Medium,This is a description,2 - High,Normal,Normal
INC90,2020-02-07 23:13:06,UserB,2020-02-07 00:18:48,,,2020-04-20 19:50:35,,UserA,,2020-06-15 07:31:23,walk-in,Help,1 High,This is a description,5 - Planning,In Progress,Overdue
INC91,2020-01-02 13:18:25,UserA,2020-03-08 21:35:35,,,,2020-09-18 19:14:12,UserG,,,email,Help,2 Medium,This is a description,3 - Moderate,Normal,
INC92,2020-01-05 13:03:28,UserG,2020-03-13 06:06:49,,,,,UserA,2020-04-15 05:30:41,,walk-in,Smartphone,2 Medium,This is a description,4 - Low,Normal,Moderate
INC93,2020-02-18 18:53:21,UserD,2020-02-25 13:56:19,,,2020-03-07 12:25:33,,UserD,2020-05-21 23:23:23,,email,Smartphone,2 Medium,This is a description,4 - Low,,Normal
INC94,2020-01-04 10:13:45,UserA,2020-03-19 19:27:45,,2020-08-06 03:43:11,2020-03-20 12:39:39,,UserB,,,walk-in,Smartphone,2 Medium,This is a description,2 - High,In Progress,Normal
INC95,2020-01-04 19:34:03,UserD,2020-03-27 02:25:56,,,2020-03-04 22:51:23,,UserB,2020-05-01 04:20:22,,walk-in,Hardware,2 Medium,This is a description,4 - Low,Normal,Moderate
INC96,2020-02-19 01:52:07,UserA,2020-03-11 06:32:20,,,,,UserD,,2020-05-25 11:04:33,walk-in,Help,2 Medium,This is a description,4 - Low,In Progress,
INC97,2020-02-14 17:49:36,UserG,2020-03-12 05:17:07,2020-07-08 20:13:42,,2020-03-16 06:22:28,,UserA,,,email,Help,1 High,This is a description,5 - Planning,Normal,New
INC98,2020-02-13 00:27:01,UserD,2020-03-16 17:06:42,,,2020-03-20 11:06:41,2020-09-06 01:50:31,UserB,,,walk-in,Hardware,2 Medium,This is a description,3 - Moderate,,Normal
INC99,2020-02-14 07:52:52,UserD,2020-02-24 13:01:48,,,,,UserB,2020-04-22 02:16:49,,walk-in,Smartphone,2 Medium,This is a description,2 - High,Closed,New
INC100,2020-01-28 11:20:57,UserB,2020-03-04 15:45:35,2020-07-06 14:39:41,,2020-03-15 14:47:06,,UserD,,,email,Hardware,1 High,This is a description,3 - Moderate,,Moderate
INC101,2020-01-16 03:36:25,UserC,2020-03-19 09:22:23,,,2020-03-26 03:32:52,,UserB,,,email,Help,2 Medium,This is a description,3 - Moderate,,Overdue
INC102,2020-02-11 03:29:58,UserA,2020-03-15 20:56:44,,,2020-04-24 07:45:42,,UserD,2020-05-20 07:16:41,,walk-in,Help,1 High,This is a description,4 - Low,In Progress,New
INC103,2020-02-11 14:35:28,UserC,2020-02-02 16:15:11,,,2020-03-19 13:53:07,,UserE,,,walk-in,Software,3 Low,This is a description,1 - Critical,In Progress,
INC104,2020-02-03 11:14:50,UserE,2020-02-22 16:45:21,,,,,UserA,,2020-05-20 21:13:44,phone,Help,2 Medium,This is a description,3 - Moderate,Normal,New
INC105,2020-01-11 02:46:44,UserA,2020-02-25 09:49:30,,,,2020-09-19 04:51:52,UserB,2020-04-23 00:56:46,,email,Hardware,2 Medium,This is a description,3 - Moderate,,New
INC106,2020-01-08 07:43:10,UserF,2020-03-09 07:38:41,,,,,UserA,2020-04-25 17:43:22,,email,Software,3 Low,This is a description,4 - Low,Closed,Moderate
INC107,2020-02-24 23:43:46,UserB,2020-02-01 06:55:49,,,,,UserB,,,walk-in,Hardware,1 High,This is a description,3 - Moderate,Normal,
INC108,2020-02-13 05:39:14,UserG,2020-03-17 18:59:09,,,2020-04-15 15:47:39,,UserA,,,walk-in,Hardware,1 High,This is a description,5 - Planning,In Progress,
INC109,2020-02-08 19:19:08,UserB,2020-03-20 12:05:27,2020-07-11 04:03:42,,2020-03-27 06:30:47,2020-10-24 15:13:27,UserF,,2020-05-15 14:48:59,walk-in,Smartphone,3 Low,This is a description,3 - Moderate,,Moderate
INC110,2020-02-06 20:40:13,UserG,2020-03-26 07:46:11,,,2020-03-04 10:21:37,,UserD,,,phone,Help,2 Medium,This is a description,4 - Low,Normal,Overdue
INC111,2020-01-12 08:31:22,UserB,2020-03-19 10:55:34,,,,,UserB,,,walk-in,Network,3 Low,This is a description,4 - Low,In Progress,Normal
INC112,2020-01-07 21:41:52,UserE,2020-02-19 23:40:28,,,2020-03-23 03:06:03,2020-10-28 02:11:35,UserA,,2020-05-09 02:44:04,walk-in,Network,2 Medium,This is a description,2 - High,Normal,Normal
INC113,2020-01-13 19:26:23,UserD,2020-03-13 13:19:29,,2020-08-16 21:20:37,,,UserA,,,walk-in,Help,2 Medium,This is a description,2 - High,In Progress,High
INC114,2020-01-28 07:35:42,UserA,2020-02-05 22:51:10,,,,,UserD,,,walk-in,Hardware,3 Low,This is a description,2 - High,Closed,
INC115,2020-02-05 02:48:39,UserC,2020-03-04 10:07:04,2020-06-27 21:38:02,2020-08-27 15:09:57,,,UserB,2020-05-06 18:05:14,,walk-in,Hardware,2 Medium,This is a description,2 - High,In Progress,Moderate
INC116,2020-02-14 19:48:54,UserE,2020-02-16 00:24:38,,,,2020-10-03 10:22:03,UserF,2020-04-20 04:21:02,,phone,Smartphone,2 Medium,This is a description,3 - Moderate,Normal,Overdue
INC117,2020-01-16 09:49:19,UserB,2020-02-05 10:51:47,,,2020-04-21 16:36:05,,UserC,,,phone,Help,2 Medium,This is a description,3 - Moderate,,
INC118,2020-01-24 03:25:15,UserA,2020-03-15 00:26:07,2020-07-01 09:40:19,,2020-04-21 10:38:56,,UserB,,,email,Network,1 High,This is a description,5 - Planning,Normal,Normal
INC119,2020-02-24 09:26:08,UserA,2020-03-17 20:52:56,2020-06-02 10:53:04,,,,UserB,,,email,Smartphone,2 Medium,This is a description,5 - Planning,In Progress,New
INC120,2020-01-20 00:03:47,UserF,2020-03-12 05:03:51,,,,,UserF,2020-04-17 11:15:26,2020-06-24 06:14:41,walk-in,Hardware,3 Low,This is a description,3 - Moderate,Normal,
INC121,2020-02-08 14:41:45,UserD,2020-02-21 14:01:29,,,,,UserB,,,walk-in,Hardware,2 Medium,This is a description,3 - Moderate,In Progress,New
INC122,2020-02-21 18:33:57,UserG,2020-02-20 08:22:30,,,,,UserA,,,email,Software,2 Medium,This is a description,4 - Low,In Progress,
INC123,2020-01-01 16:58:21,UserB,2020-02-07 01:40:55,,,,,UserF,,2020-06-16 01:58:42,email,Smartphone,2 Medium,This is a description,4 - Low,,Overdue
INC124,2020-02-05 12:37:36,UserA,2020-03-05 14:54:35,,,,,UserA,,,email,Help,3 Low,This is a description,4 - Low,,Overdue
INC125,2020-02-19 03:37:16,UserA,2020-03-04 21:54:16,,,2020-04-28 03:47:06,,UserA,,2020-05-17 18:09:45,email,Hardware,2 Medium,This is a description,2 - High,,Normal
INC126,2020-01-13 17:43:45,UserA,2020-03-03 21:57:46,,,2020-03-03 19:29:29,,UserF,,,walk-in,Software,1 High,This is a description,3 - Moderate,In Progress,Overdue
INC127,2020-02-04 10:55:07,UserB,2020-02-11 00:08:13,,,2020-03-07 06:47:43,2020-10-15 12:34:59,UserA,,,walk-in,Network,2 Medium,This is a description,3 - Moderate,On Hold,Normal
INC128,2020-01-28 21:02:11,UserA,2020-02-09 01:18:14,2020-07-01 07:13:09,,2020-04-17 21:43:07,,UserA,,,walk-in,Hardware,1 High,This is a description,5 - Planning,On Hold,Normal
INC129,2020-01-13 12:15:37,UserA,2020-02-05 01:27:09,,,2020-03-28 07:22:15,,UserA,,2020-05-25 12:41:12,walk-in,Smartphone,1 High,This is a description,3 - Moderate,Closed,Overdue
INC130,2020-02-05 00:42:35,UserD,2020-02-20 00:58:28,2020-06-17 10:42:42,,2020-03-21 17:07:09,,UserA,,2020-05-24 15:58:19,walk-in,Software,3 Low,This is a description,4 - Low,On Hold,New
INC131,2020-02-03 00:29:58,UserE,2020-02-27 13:54:04,,2020-08-15 13:39:13,,,UserB,,,email,Network,3 Low,This is a description,2 - High,Normal,
INC132,2020-02-23 14:27:06,UserF,2020-02-05 14:03:39,,2020-08-05 20:55:40,2020-03-14 18:33:09,,UserA,,,email,Software,2 Medium,This is a description,2 - High,In Progress,Overdue
INC133,2020-01-15 01:44:10,UserB,2020-03-04 06:41:20,,,,,UserA,2020-04-11 17:12:06,,walk-in,Software,2 Medium,This is a description,2 - High,On Hold,Overdue
INC134,2020-02-04 19:51:43,UserC,2020-03-23 20:28:10,,,2020-03-08 10:11:51,,UserF,2020-04-13 17:18:17,,email,Help,1 High,This is a description,1 - Critical,Closed,
INC135,2020-02-15 02:49:37,UserA,2020-02-02 06:14:44,2020-07-26 00:43:08,,,,UserE,,,phone,Smartphone,2 Medium,This is a description,3 - Moderate,Normal,High
INC136,2020-02-01 00:14:25,UserA,2020-03-15 16:49:11,,,,,UserB,2020-05-04 17:14:45,2020-06-15 03:02:26,email,Network,3 Low,This is a description,4 - Low,In Progress,Overdue
INC137,2020-02-28 03:45:10,UserB,2020-02-24 00:17:16,,,2020-04-20 08:10:40,,UserE,2020-04-27 07:59:58,2020-05-16 04:57:29,email,Hardware,1 High,This is a description,3 - Moderate,In Progress,Overdue
INC138,2020-01-23 10:25:16,UserA,2020-02-09 16:07:15,,,,,UserA,,,walk-in,Hardware,2 Medium,This is a description,1 - Critical,In Progress,Overdue
INC139,2020-01-04 10:39:18,UserE,2020-02-03 12:29:17,,,,,UserA,2020-05-21 19:53:56,2020-05-10 04:44:27,walk-in,Hardware,2 Medium,This is a description,3 - Moderate,In Progress,Overdue
INC140,2020-02-12 07:15:17,UserA,2020-02-13 06:51:27,2020-07-13 19:38:26,,2020-03-26 05:25:02,,UserA,,,email,Help,1 High,This is a description,3 - Moderate,Normal,Normal
INC141,2020-01-07 06:53:05,UserC,2020-03-10 21:26:43,,,2020-03-08 21:09:23,,UserF,,,walk-in,Help,1 High,This is a description,3 - Moderate,,Overdue
INC142,2020-01-12 23:19:22,UserE,2020-03-10 09:18:15,,,,,UserD,2020-04-26 12:36:15,,walk-in,Hardware,1 High,This is a description,2 - High,Normal,
INC143,2020-01-02 23:16:26,UserD,2020-02-05 02:41:49,,,,2020-09-07 00:46:12,UserA,,2020-06-13 21:56:20,phone,Software,2 Medium,This is a description,2 - High,On Hold,New
INC144,2020-01-03 07:50:42,UserB,2020-02-08 21:32:30,,,2020-04-23 15:56:57,,UserA,2020-04-19 21:56:59,,email,Hardware,2 Medium,This is a description,1 - Critical,In Progress,New
INC145,2020-02-05 09:13:07,UserA,2020-02-04 08:55:41,,,2020-03-07 11:02:24,,UserA,,,phone,Help,3 Low,This is a description,5 - Planning,Normal,Overdue
INC146,2020-02-21 10:30:37,UserF,2020-03-13 18:33:27,,2020-07-02 12:54:43,2020-04-21 16:51:32,2020-10-05 09:11:25,UserB,2020-05-24 02:43:20,2020-05-16 01:24:08,walk-in,Software,3 Low,This is a description,2 - High,Closed,
INC147,2020-02-01 08:37:34,UserF,2020-02-28 08:21:02,2020-06-08 03:18:22,,2020-04-10 02:29:01,,UserC,,,email,Hardware,2 Medium,This is a description,1 - Critical,,Overdue
INC148,2020-02-15 21:29:23,UserG,2020-03-20 04:28:40,,,2020-03-12 08:03:59,,UserD,,,walk-in,Help,2 Medium,This is a description,2 - High,,New
INC149,2020-01-08 14:18:55,UserB,2020-03-26 00:51:35,,2020-08-16 06:28:10,,,UserA,,,walk-in,Hardware,3 Low,This is a description,4 - Low,,High
INC150,2020-02-07 13:36:34,UserE,2020-02-28 18:59:44,,2020-07-17 04:19:23,,,UserE,,,walk-in,Smartphone,2 Medium,This is a description,3 - Moderate,In Progress,New
INC151,2020-01-12 05:49:19,UserB,2020-03-18 23:22:08,,,2020-04-05 10:39:26,,UserF,,,email,Network,3 Low,This is a description,2 - High,Normal,
INC152,2020-02-09 22:07:19,UserB,2020-03-04 23:13:20,,,2020-03-03 14:10:18,,UserA,2020-04-20 18:46:06,2020-06-06 21:06:35,walk-in,Smartphone,2 Medium,This is a description,3 - Moderate,,Normal
INC153,2020-02-14 02:53:26,UserA,2020-02-16 10:54:16,2020-07-13 13:42:37,,2020-03-02 04:36:32,,UserA,,,email,Help,2 Medium,This is a description,1 - Critical,Normal,High
INC154,2020-02-22 09:53:30,UserA,2020-03-02 09:14:26,,,,,UserG,,,walk-in,Help,2 Medium,This is a description,5 - Planning,Normal,Overdue
INC155,2020-02-27 02:45:18,UserB,2020-03-02 10:57:15,,,,,UserE,,,walk-in,Software,2 Medium,This is a description,2 - High,Normal,Overdue
INC156,2020-02-13 13:01:06,UserE,2020-02-06 19:28:58,2020-07-03 15:57:07,2020-08-15 17:13:33,2020-03-07 09:11:09,,UserA,2020-04-20 23:32:33,,email,Hardware,2 Medium,This is a description,4 - Low,Normal,Normal
INC157,2020-01-01 21:15:52,UserG,2020-02-03 11:44:34,,,2020-03-14 20:40:43,,UserE,,2020-05-11 01:25:08,email,Help,1 High,This is a description,3 - Moderate,Closed,New
INC158,2020-02-26 08:57:31,UserA,2020-02-12 22:45:12,,,,,UserB,2020-04-16 17:53:22,2020-06-08 18:12:21,email,Hardware,2 Medium,This is a description,3 - Moderate,Normal,New
INC159,2020-02-17 19:25:31,UserB,2020-03-20 06:41:20,2020-06-18 10:56:06,,2020-03-10 07:40:22,,UserD,,,phone,Smartphone,1 High,This is a description,3 - Moderate,Normal,New
INC160,2020-02-03 11:31:57,UserA,2020-02-22 15:05:32,2020-06-01 00:12:50,,,,UserB,2020-04-11 04:26:21,2020-06-01 11:04:03,walk-in,Help,3 Low,This is a description,2 - High,In Progress,Overdue
INC161,2020-02-10 03:04:17,UserB,2020-02-21 20:48:34,2020-06-16 15:59:03,,,,UserF,,,email,Software,3 Low,This is a description,5 - Planning,Normal,Overdue
INC162,2020-02-18 14:36:02,UserD,2020-03-27 13:45:55,,,2020-04-16 07:59:06,2020-09-23 18:06:22,UserD,,,walk-in,Hardware,3 Low,This is a description,4 - Low,Normal,High
INC163,2020-01-04 06:24:28,UserB,2020-02-13 18:04:09,,,,,UserB,,2020-06-22 12:56:41,walk-in,Help,3 Low,This is a description,3 - Moderate,Normal,High
INC164,2020-02-18 04:55:03,UserA,2020-03-01 16:52:19,,,2020-03-23 10:54:16,2020-09-18 04:09:16,UserF,,,walk-in,Software,3 Low,This is a description,2 - High,On Hold,Normal
INC165,2020-01-03 15:11:55,UserA,2020-03-06 17:59:02,,,2020-04-23 08:48:10,,UserB,2020-05-13 02:32:21,,walk-in,Help,1 High,This is a description,2 - High,Normal,Overdue
INC166,2020-02-12 22:19:08,UserE,2020-03-23 20:44:28,2020-06-21 19:01:36,,2020-04-15 11:23:06,,UserB,,,walk-in,Software,3 Low,This is a description,4 - Low,,Normal
INC167,2020-01-10 00:06:35,UserB,2020-03-04 13:57:43,,,,,UserB,2020-04-01 06:11:04,2020-05-11 03:52:55,walk-in,Hardware,2 Medium,This is a description,2 - High,On Hold,Moderate
INC168,2020-02-16 13:41:55,UserB,2020-03-27 17:36:56,,,,,UserB,,,phone,Software,2 Medium,This is a description,4 - Low,Normal,Normal
INC169,2020-02-20 05:29:24,UserB,2020-02-23 19:23:41,,,2020-04-10 17:14:55,,UserD,,,walk-in,Hardware,2 Medium,This is a description,3 - Moderate,In Progress,New
INC170,2020-01-05 07:24:27,UserB,2020-03-08 21:28:01,,,2020-03-19 11:06:19,,UserE,,,email,Help,1 High,This is a description,3 - Moderate,Normal,High
INC171,2020-02-01 15:31:06,UserD,2020-02-24 19:47:18,,,2020-03-12 05:15:54,,UserD,,,email,Hardware,3 Low,This is a description,3 - Moderate,,Normal
INC172,2020-02-19 21:41:39,UserA,2020-03-08 09:30:16,,,,,UserD,,2020-06-11 12:06:15,email,Help,3 Low,This is a description,5 - Planning,In Progress,Normal
INC173,2020-01-25 19:47:41,UserB,2020-02-14 01:20:12,,,,,UserB,2020-05-01 16:24:22,,walk-in,Help,3 Low,This is a description,3 - Moderate,On Hold,Overdue
INC174,2020-02-12 11:31:14,UserB,2020-03-10 21:06:43,,2020-08-13 10:14:38,2020-04-17 00:33:31,2020-09-19 14:22:52,UserA,,,email,Smartphone,3 Low,This is a description,2 - High,In Progress,Overdue
INC175,2020-01-24 07:47:36,UserD,2020-03-22 19:56:53,,,2020-04-07 17:31:02,,UserA,2020-04-10 18:13:20,,email,Network,2 Medium,This is a description,3 - Moderate,Normal,Normal
INC176,2020-01-07 05:48:02,UserG,2020-03-15 09:09:33,,,,,UserD,,2020-05-26 07:42:12,walk-in,Help,1 High,This is a description,3 - Moderate,Normal,Overdue
INC177,2020-02-21 15:42:19,UserB,2020-02-10 03:43:51,,,2020-03-27 20:56:08,,UserA,2020-04-22 14:16:18,,phone,Hardware,2 Medium,This is a description,1 - Critical,In Progress,New
INC178,2020-01-10 14:38:55,UserA,2020-03-06 15:57:11,,,2020-04-17 12:55:12,,UserE,,,email,Hardware,1 High,This is a description,2 - High,Closed,Normal
INC179,2020-02-21 19:58:29,UserE,2020-03-27 13:47:15,,,2020-04-08 20:20:39,2020-10-26 17:24:36,UserB,,,email,Help,2 Medium,This is a description,5 - Planning,In Progress,
INC180,2020-01-04 14:56:57,UserC,2020-03-22 11:48:36,,,,,UserD,,2020-05-01 01:11:28,phone,Help,2 Medium,This is a description,2 - High,Normal,
INC181,2020-01-02 15:17:02,UserB,2020-02-01 22:16:11,2020-07-05 21:19:28,2020-08-14 21:59:29,2020-03-14 07:56:51,,UserA,,,email,Smartphone,1 High,This is a description,3 - Moderate,Normal,
INC182,2020-02-13 15:59:03,UserC,2020-03-27 05:57:57,,,2020-03-25 00:14:02,2020-10-24 18:10:32,UserA,,,walk-in,Software,2 Medium,This is a description,3 - Moderate,Normal,New
INC183,2020-01-20 13:47:29,UserE,2020-03-10 16:53:23,,,2020-03-24 05:21:30,,UserA,,,email,Software,2 Medium,This is a description,5 - Planning,,Normal
INC184,2020-02-28 23:32:26,UserC,2020-02-24 15:04:21,,,2020-04-01 14:58:57,2020-09-10 04:55:05,UserC,,,email,Help,2 Medium,This is a description,2 - High,On Hold,Normal
INC185,2020-01-26 07:38:08,UserA,2020-03-08 07:38:05,,,2020-04-08 08:19:52,,UserF,,,email,Network,1 High,This is a description,3 - Moderate,Closed,New
INC186,2020-01-07 05:29:21,UserD,2020-02-13 22:26:08,,,,,UserC,,2020-05-23 01:06:29,walk-in,Help,2 Medium,This is a description,3 - Moderate,Normal,High
INC187,2020-02-20 01:42:51,UserA,2020-02-12 09:23:46,,,2020-03-08 15:10:50,,UserA,,,walk-in,Network,2 Medium,This is a description,4 - Low,On Hold,Overdue
INC188,2020-02-25 02:34:04,UserA,2020-03-11 07:25:10,,,,,UserA,2020-04-06 05:31:03,,phone,Smartphone,2 Medium,This is a description,3 - Moderate,In Progress,
INC189,2020-02-17 01:21:28,UserA,2020-02-05 03:47:42,,,,2020-09-21 00:19:21,UserA,2020-05-05 09:50:49,,walk-in,Help,2 Medium,This is a description,3 - Moderate,Normal,Overdue
INC190,2020-01-08 04:06:51,UserG,2020-03-08 10:04:13,,,,,UserF,,,walk-in,Smartphone,3 Low,This is a description,3 - Moderate,Normal,New
INC191,2020-02-28 21:06:26,UserE,2020-02-28 06:58:45,,,2020-03-10 07:26:09,,UserE,2020-05-20 03:01:44,,email,Software,2 Medium,This is a description,1 - Critical,In Progress,New
INC192,2020-01-15 12:34:25,UserF,2020-03-07 16:03:42,,,2020-03-05 10:47:52,,UserA,2020-04-17 17:12:22,,email,Help,2 Medium,This is a description,4 - Low,Closed,
INC193,2020-02-11 21:23:55,UserA,2020-03-12 09:44:56,,,2020-04-27 10:20:06,,UserE,2020-04-04 07:59:09,,walk-in,Software,2 Medium,This is a description,4 - Low,In Progress,Overdue
INC194,2020-02-07 05:58:37,UserA,2020-02-01 08:06:34,,,2020-03-12 06:31:05,,UserA,,,phone,Hardware,2 Medium,This is a description,3 - Moderate,Closed,
INC195,2020-02-19 08:59:42,UserA,2020-03-04 16:47:21,,,2020-04-18 05:54:51,,UserD,,,walk-in,Hardware,3 Low,This is a description,3 - Moderate,,High
INC196,2020-02-23 00:07:18,UserG,2020-02-19 19:25:51,2020-07-28 07:31:52,,,,UserA,2020-04-23 10:05:28,2020-05-20 06:03:48,phone,Software,2 Medium,This is a description,3 - Moderate,Normal,Overdue
INC197,2020-01-17 17:51:25,UserF,2020-03-22 21:03:10,,,2020-03-08 22:38:25,,UserA,,,walk-in,Help,2 Medium,This is a description,2 - High,In Progress,New
INC198,2020-02-06 06:25:05,UserC,2020-02-02 21:39:36,,,2020-03-10 18:35:49,,UserB,2020-05-05 16:08:58,,walk-in,Help,2 Medium,This is a description,5 - Planning,,New
INC199,2020-02-21 11:47:53,UserB,2020-03-07 22:57:13,,,2020-03-02 02:32:53,,UserF,,,walk-in,Smartphone,2 Medium,This is a description,1 - Critical,In Progress,New
INC200,2020-01-10 08:33:22,UserA,2020-02-19 05:46:31,,,2020-03-19 04:45:18,,UserD,,,email,Help,2 Medium,This is a description,2 - High,,Moderate
INC201,2020-01-02 00:59:44,UserB,2020-03-23 01:17:14,,,2020-03-22 18:38:11,,UserF,,,phone,Help,2 Medium,This is a description,2 - High,In Progress,High
INC202,2020-02-07 05:45:11,UserC,2020-02-01 21:58:21,,,,,UserA,,2020-06-07 03:38:35,email,Help,2 Medium,This is a description,5 - Planning,In Progress,Overdue
INC203,2020-01-10 04:44:12,UserA,2020-03-07 09:25:01,,,,2020-09-14 21:58:32,UserB,,,walk-in,Help,3 Low,This is a description,3 - Moderate,In Progress,New
INC204,2020-02-16 04:54:57,UserB,2020-02-19 11:45:52,,,,,UserD,,,email,Smartphone,3 Low,This is a description,3 - Moderate,,
INC205,2020-02-12 04:40:31,UserA,2020-03-17 14:47:08,,2020-07-13 23:02:15,,,UserB,2020-04-06 09:51:19,,phone,Help,2 Medium,This is a description,4 - Low,Normal,New
INC206,2020-02-24 16:58:10,UserB,2020-02-17 18:25:22,,,2020-04-13 19:41:35,,UserA,,,walk-in,Hardware,2 Medium,This is a description,3 - Moderate,Normal,Moderate
INC207,2020-02-15 11:05:33,UserE,2020-03-22 01:14:18,,,,,UserF,,,phone,Hardware,2 Medium,This is a description,4 - Low,Normal,Normal
INC208,2020-02-24 20:56:08,UserD,2020-03-23 04:16:44,2020-07-13 16:20:36,2020-08-12 14:08:23,2020-04-26 17:23:50,,UserA,,,email,Hardware,2 Medium,This is a description,3 - Moderate,Normal,New
INC209,2020-02-06 04:05:27,UserA,2020-03-20 10:16:47,,,2020-04-09 05:32:55,2020-09-06 04:56:59,UserB,,,walk-in,Smartphone,2 Medium,This is a description,3 - Moderate,,Moderate
INC210,2020-01-09 03:48:25,UserD,2020-02-27 05:04:49,2020-07-25 16:18:39,,2020-03-28 04:05:14,2020-09-13 02:18:25,UserA,,2020-06-28 02:04:07,walk-in,Software,1 High,This is a description,2 - High,Normal,
INC211,2020-02-15 15:49:47,UserG,2020-03-02 04:05:28,2020-06-23 11:14:52,,2020-04-11 01:55:41,,UserB,2020-05-25 17:08:09,,walk-in,Software,2 Medium,This is a description,3 - Moderate,In Progress,Normal
INC212,2020-02-13 09:40:04,UserA,2020-03-14 08:54:34,,,,,UserF,,,email,Software,2 Medium,This is a description,4 - Low,In Progress,Overdue
INC213,2020-02-10 10:34:48,UserG,2020-03-07 10:26:54,,,,,UserE,,,walk-in,Hardware,2 Medium,This is a description,2 - High,Normal,High
INC214,2020-01-14 00:50:53,UserA,2020-03-13 08:15:40,,,,,UserB,2020-04-06 12:19:21,2020-06-05 07:31:30,email,Software,1 High,This is a description,2 - High,In Progress,Normal
INC215,2020-01-23 18:28:37,UserA,2020-03-15 00:28:07,,,,,UserB,2020-05-14 00:37:53,,email,Help,2 Medium,This is a description,3 - Moderate,In Progress,
INC216,2020-01-14 11:05:07,UserC,2020-02-12 23:35:34,,,2020-03-12 19:29:35,2020-09-26 05:19:12,UserD,2020-04-02 05:07:44,2020-06-01 13:21:15,walk-in,Software,2 Medium,This is a description,3 - Moderate,Normal,Overdue
INC217,2020-01-11 06:57:43,UserD,2020-03-07 08:53:35,,2020-08-05 22:10:21,2020-04-09 10:33:14,2020-10-11 19:09:58,UserA,2020-05-11 00:13:32,,walk-in,Hardware,2 Medium,This is a description,4 - Low,,Overdue
INC218,2020-01-19 03:33:18,UserD,2020-03-25 04:46:16,,2020-07-14 13:59:59,,,UserD,,,walk-in,Network,1 High,This is a description,3 - Moderate,Closed,Overdue
INC219,2020-01-01 05:29:20,UserF,2020-03-23 08:17:08,,2020-07-05 19:32:28,,2020-09-10 19:39:43,UserA,2020-05-09 20:30:27,,email,Software,2 Medium,This is a description,5 - Planning,,Overdue
INC220,2020-02-10 18:07:44,UserB,2020-03-09 07:28:27,,,2020-03-05 07:17:43,,UserC,2020-05-17 17:25:58,,walk-in,Help,2 Medium,This is a description,2 - High,On Hold,Normal
INC221,2020-01-02 05:59:41,UserG,2020-02-26 12:53:39,,,,,UserA,,,walk-in,Network,3 Low,This is a description,3 - Moderate,In Progress,High
INC222,2020-01-11 17:14:59,UserB,2020-02-11 22:01:04,2020-06-11 02:53:22,,2020-04-02 07:14:59,,UserB,,,walk-in,Software,2 Medium,This is a description,2 - High,,New
INC223,2020-01-26 11:12:25,UserA,2020-02-10 12:46:31,,,,,UserA,2020-04-11 07:36:53,,walk-in,Hardware,1 High,This is a description,2 - High,Normal,
INC224,2020-02-13 08:03:05,UserB,2020-02-04 01:37:06,,,2020-04-20 09:29:17,,UserA,2020-04-08 20:16:31,,email,Help,2 Medium,This is a description,3 - Moderate,,Overdue
INC225,2020-02-16 21:47:07,UserA,2020-02-02 01:11:59,2020-06-04 11:27:39,,,,UserB,,,email,Help,2 Medium,This is a description,4 - Low,,New
INC226,2020-02-26 00:11:25,UserC,2020-02-19 03:16:50,,,2020-03-21 16:45:37,,UserA,,,walk-in,Help,3 Low,This is a description,3 - Moderate,Normal,High
INC227,2020-01-15 12:41:52,UserB,2020-03-12 17:34:47,2020-06-27 19:43:31,,,,UserB,,2020-06-04 02:22:09,phone,Help,2 Medium,This is a description,4 - Low,Normal,Moderate
INC228,2020-02-05 00:23:19,UserB,2020-02-17 19:02:51,,,,,UserA,,,walk-in,Help,2 Medium,This is a description,3 - Moderate,In Progress,Overdue
INC229,2020-01-05 12:48:10,UserA,2020-03-14 18:22:12,,,2020-03-12 10:14:50,,UserC,,2020-05-04 01:41:44,walk-in,Smartphone,2 Medium,This is a description,4 - Low,On Hold,High
INC230,2020-01-10 03:48:37,UserE,2020-03-11 23:47:33,,,2020-03-04 03:34:19,,UserF,,2020-06-04 01:10:22,walk-in,Hardware,1 High,This is a description,3 - Moderate,Closed,Moderate
INC231,2020-01-15 07:57:51,UserA,2020-02-27 13:18:44,,,2020-03-19 00:32:16,,UserD,2020-05-20 00:24:21,,email,Software,2 Medium,This is a description,1 - Critical,Normal,
INC232,2020-01-08 01:42:29,UserG,2020-02-11 18:32:02,2020-06-12 15:37:49,,,,UserC,,,walk-in,Hardware,2 Medium,This is a description,3 - Moderate,,
INC233,2020-01-17 09:17:38,UserA,2020-03-08 02:58:29,,,,,UserB,,,walk-in,Software,2 Medium,This is a description,2 - High,Normal,Normal
INC234,2020-01-19 06:15:33,UserA,2020-03-27 06:46:51,,,2020-04-12 11:47:23,,UserB,,,email,Hardware,1 High,This is a description,1 - Critical,Normal,New
INC235,2020-01-28 09:37:21,UserB,2020-02-27 07:33:07,,2020-08-23 08:08:53,2020-04-16 03:49:56,,UserB,2020-04-24 14:34:34,,walk-in,Software,2 Medium,This is a description,3 - Moderate,,Normal
INC236,2020-01-08 07:28:03,UserA,2020-03-28 20:38:24,2020-06-21 12:50:54,,2020-04-11 06:22:51,,UserA,,,email,Help,2 Medium,This is a description,3 - Moderate,Normal,
INC237,2020-01-07 12:19:18,UserF,2020-02-14 08:03:48,,,2020-04-08 04:52:43,,UserB,,,walk-in,Help,2 Medium,This is a description,2 - High,Normal,Normal
INC238,2020-01-03 14:10:42,UserB,2020-03-24 03:18:40,,,,,UserF,,,walk-in,Network,2 Medium,This is a description,1 - Critical,,Moderate
INC239,2020-02-12 05:26:57,UserA,2020-03-01 19:38:10,,,,2020-09-20 14:55:04,UserA,2020-04-21 18:09:11,2020-05-28 06:10:49,walk-in,Hardware,2 Medium,This is a description,4 - Low,On Hold,New
INC240,2020-01-16 12:56:37,UserB,2020-03-10 06:11:06,2020-06-15 08:57:34,,,,UserA,,,email,Help,3 Low,This is a description,4 - Low,,Moderate
INC241,2020-01-05 21:34:36,UserA,2020-02-05 11:38:25,,,2020-04-16 09:43:12,2020-10-25 11:33:20,UserG,,,walk-in,Software,3 Low,This is a description,3 - Moderate,,New
INC242,2020-02-09 18:10:14,UserA,2020-03-07 22:25:16,,2020-08-18 14:28:23,2020-04-18 10:07:45,,UserB,,2020-05-26 10:37:39,walk-in,Network,2 Medium,This is a description,1 - Critical,In Progress,Overdue
INC243,2020-01-15 05:20:14,UserB,2020-02-02 03:04:38,,,2020-04-19 04:58:18,2020-10-03 05:31:10,UserB,,,walk-in,Help,3 Low,This is a description,3 - Moderate,Normal,New
INC244,2020-02-12 00:54:24,UserA,2020-03-12 18:17:16,,,,,UserB,,2020-05-06 10:52:02,walk-in,Help,2 Medium,This is a description,2 - High,Normal,
INC245,2020-01-03 01:42:38,UserE,2020-02-11 01:13:36,2020-07-15 13:20:40,,2020-03-12 22:34:57,,UserG,,,email,Smartphone,3 Low,This is a description,3 - Moderate,Normal,High
INC246,2020-01-06 06:48:48,UserA,2020-02-08 16:52:42,,,,,UserA,,,phone,Software,3 Low,This is a description,2 - High,Closed,
INC247,2020-01-27 08:21:42,UserA,2020-02-09 22:18:58,,,2020-04-05 05:47:38,,UserA,,2020-05-08 18:59:14,email,Hardware,1 High,This is a description,2 - High,In Progress,Overdue
INC248,2020-01-21 08:37:56,UserA,2020-03-23 06:43:39,,,,,UserB,,,walk-in,Help,2 Medium,This is a description,4 - Low,On Hold,Overdue
INC249,2020-01-27 03:03:32,UserC,2020-02-06 09:41:12,,,,,UserF,2020-04-16 20:07:34,,walk-in,Smartphone,3 Low,This is a description,2 - High,,High
INC250,2020-02-26 17:45:24,UserF,2020-02-05 20:11:33,,,2020-03-05 15:01:22,,UserD,,,email,Software,2 Medium,This is a description,5 - Planning,,Normal
INC251,2020-01-17 20:37:45,UserB,2020-02-06 22:22:03,2020-07-14 23:17:25,,,,UserA,,,walk-in,Network,3 Low,This is a description,2 - High,Normal,Normal
INC252,2020-01-15 04:52:54,UserA,2020-03-02 19:06:30,,,2020-04-01 04:48:33,,UserG,,,walk-in,Network,1 High,This is a description,2 - High,In Progress,Normal
INC253,2020-01-24 15:15:27,UserG,2020-03-06 17:03:56,,,,,UserC,,,walk-in,Software,2 Medium,This is a description,1 - Critical,In Progress,
INC254,2020-01-03 20:55:34,UserC,2020-02-11 00:23:42,2020-06-11 04:50:30,,,,UserA,2020-05-07 05:17:33,,email,Software,2 Medium,This is a description,3 - Moderate,Normal,Normal
INC255,2020-01-28 07:08:36,UserE,2020-03-02 11:40:01,,,2020-04-27 22:34:01,,UserA,,,walk-in,Software,3 Low,This is a description,1 - Critical,In Progress,
INC256,2020-02-04 01:16:59,UserE,2020-03-20 03:57:35,,,2020-04-03 10:21:19,,UserA,2020-04-11 07:58:28,2020-06-09 17:30:40,phone,Smartphone,3 Low,This is a description,4 - Low,Closed,
INC257,2020-01-15 04:46:30,UserA,2020-02-16 05:58:03,,,,,UserB,2020-05-22 10:36:03,,walk-in,Smartphone,2 Medium,This is a description,4 - Low,Normal,Overdue
INC258,2020-02-01 12:17:30,UserA,2020-03-06 04:11:20,,,,,UserB,2020-04-03 20:16:06,,walk-in,Network,2 Medium,This is a description,4 - Low,In Progress,Normal
INC259,2020-02-12 22:50:58,UserE,2020-03-20 01:38:31,,,,,UserE,,2020-05-01 14:55:24,walk-in,Network,3 Low,This is a description,4 - Low,In Progress,New
INC260,2020-01-19 10:42:05,UserB,2020-02-08 02:30:44,,2020-07-08 01:41:16,,,UserE,,,email,Help,2 Medium,This is a description,2 - High,In Progress,
INC261,2020-01-07 15:58:47,UserB,2020-03-16 02:55:51,,,,2020-10-08 04:53:31,UserC,,,walk-in,Network,2 Medium,This is a description,2 - High,,Overdue
INC262,2020-02-04 14:45:39,UserB,2020-03-22 08:15:40,,,2020-03-26 04:07:10,,UserA,2020-05-16 01:39:16,2020-05-28 09:36:26,walk-in,Network,1 High,This is a description,5 - Planning,Normal,
INC263,2020-02-25 07:24:22,UserB,2020-03-11 19:13:46,,,2020-04-02 04:44:52,,UserA,,,email,Software,3 Low,This is a description,5 - Planning,In Progress,
INC264,2020-02-16 10:57:40,UserB,2020-02-12 07:37:11,2020-06-02 19:10:58,,2020-03-28 15:10:22,,UserC,,,email,Software,2 Medium,This is a description,4 - Low,Closed,
INC265,2020-01-11 18:50:30,UserD,2020-02-14 15:40:37,2020-06-08 05:38:26,,2020-04-24 10:33:17,,UserC,,,phone,Software,1 High,This is a description,2 - High,In Progress,High
INC266,2020-01-17 00:46:10,UserF,2020-02-01 21:02:20,,,,,UserB,,,walk-in,Help,2 Medium,This is a description,3 - Moderate,In Progress,Normal
INC267,2020-01-18 14:07:28,UserB,2020-02-02 20:53:15,,,2020-04-11 03:33:59,,UserA,,,walk-in,Help,2 Medium,This is a description,4 - Low,On Hold,High
INC268,2020-01-20 12:36:16,UserC,2020-02-05 04:52:50,,2020-07-08 14:06:20,2020-04-20 02:39:56,,UserC,,,walk-in,Help,2 Medium,This is a description,3 - Moderate,Normal,
INC269,2020-01-27 04:46:52,UserC,2020-02-26 08:25:18,2020-06-21 12:08:44,,2020-04-20 16:28:59,,UserB,2020-04-18 04:07:42,2020-05-13 14:11:18,walk-in,Help,3 Low,This is a description,3 - Moderate,In Progress,High
INC270,2020-01-15 21:59:22,UserA,2020-03-09 02:30:06,,,,,UserD,,,walk-in,Software,3 Low,This is a description,5 - Planning,Closed,Normal
INC271,2020-01-06 10:49:41,UserB,2020-02-27 17:55:24,,,2020-03-26 00:14:54,,UserB,,,email,Software,2 Medium,This is a description,4 - Low,Normal,Normal
INC272,2020-01-22 15:53:21,UserD,2020-03-23 02:54:42,,,2020-04-19 21:13:48,,UserE,2020-05-08 11:05:24,,email,Help,2 Medium,This is a description,5 - Planning,Normal,New
INC273,2020-02-13 10:52:15,UserA,2020-03-22 06:57:10,,,,,UserB,,2020-05-13 03:45:13,email,Network,2 Medium,This is a description,4 - Low,In Progress,
INC274,2020-02-23 01:30:21,UserD,2020-03-21 11:54:55,2020-06-04 15:48:42,,2020-03-17 18:48:36,,UserA,,,email,Software,2 Medium,This is a description,1 - Critical,In Progress,Normal
INC275,2020-02-21 04:16:07,UserA,2020-02-20 21:26:06,,2020-08-09 08:46:24,2020-04-09 09:01:48,,UserB,2020-04-12 20:56:59,,walk-in,Software,2 Medium,This is a description,3 - Moderate,In Progress,High
INC276,2020-02-26 09:43:09,UserB,2020-03-25 10:01:05,,,2020-03-20 15:45:29,,UserA,,2020-06-17 06:47:53,walk-in,Hardware,1 High,This is a description,5 - Planning,Normal,New
INC277,2020-01-27 07:48:38,UserA,2020-02-21 01:48:49,2020-07-09 15:52:10,,2020-04-11 10:25:19,2020-10-04 20:13:24,UserD,,,walk-in,Hardware,1 High,This is a description,1 - Critical,Closed,New
INC278,2020-02-01 02:57:55,UserA,2020-02-15 11:10:23,,2020-08-05 02:50:01,,,UserA,,,email,Hardware,3 Low,This is a description,2 - High,Normal,Overdue
INC279,2020-02-09 12:27:50,UserA,2020-03-05 00:30:09,,,2020-04-20 11:33:30,,UserA,2020-04-12 16:18:59,,walk-in,Software,2 Medium,This is a description,4 - Low,Closed,
INC280,2020-02-12 06:42:45,UserA,2020-03-17 02:59:13,2020-06-20 21:02:35,,,,UserB,2020-04-11 19:38:47,,walk-in,Software,1 High,This is a description,2 - High,In Progress,Overdue
INC281,2020-01-24 13:11:11,UserB,2020-03-03 09:31:22,,,,,UserA,2020-04-16 16:45:38,,walk-in,Hardware,2 Medium,This is a description,4 - Low,Closed,
INC282,2020-01-13 03:14:24,UserD,2020-03-16 20:31:38,2020-06-08 20:14:35,,,,UserB,2020-05-06 06:39:33,,walk-in,Help,1 High,This is a description,5 - Planning,,Overdue
INC283,2020-02-28 11:41:33,UserA,2020-03-26 17:14:17,,2020-07-08 00:02:11,,,UserA,,,walk-in,Hardware,1 High,This is a description,2 - High,On Hold,New
INC284,2020-02-23 23:33:35,UserB,2020-02-09 04:09:34,,,2020-04-03 02:43:33,,UserA,,,walk-in,Smartphone,2 Medium,This is a description,5 - Planning,On Hold,Overdue
INC285,2020-01-25 21:53:55,UserE,2020-02-12 19:37:44,,,2020-04-24 02:30:45,,UserA,2020-04-14 21:24:01,,email,Software,2 Medium,This is a description,1 - Critical,,Moderate
INC286,2020-02-23 05:53:24,UserA,2020-02-10 10:02:40,,,,2020-09-20 17:51:33,UserD,2020-05-21 21:18:11,,phone,Hardware,2 Medium,This is a description,4 - Low,Normal,
INC287,2020-02-12 12:12:14,UserG,2020-03-05 15:44:13,,,,,UserA,,,walk-in,Network,2 Medium,This is a description,3 - Moderate,In Progress,New
INC288,2020-02-25 12:53:28,UserA,2020-02-24 22:22:37,2020-07-11 16:44:54,,2020-03-26 07:03:53,,UserB,,2020-05-15 06:33:57,walk-in,Help,1 High,This is a description,5 - Planning,Normal,
INC289,2020-02-22 08:47:16,UserC,2020-03-03 19:31:36,,,,,UserF,,,walk-in,Help,2 Medium,This is a description,4 - Low,Normal,High
INC290,2020-01-03 01:15:08,UserB,2020-02-12 05:42:38,2020-07-06 16:17:32,,,2020-10-16 18:16:26,UserB,,,walk-in,Smartphone,3 Low,This is a description,2 - High,Normal,Overdue
INC291,2020-01-03 01:19:02,UserA,2020-03-25 00:55:40,,2020-07-20 00:49:41,,2020-10-17 12:19:38,UserB,2020-05-11 21:53:39,,walk-in,Smartphone,2 Medium,This is a description,3 - Moderate,On Hold,High
INC292,2020-02-13 16:45:58,UserA,2020-03-27 04:57:31,,,2020-04-25 22:22:22,,UserB,2020-05-08 18:14:54,,walk-in,Help,1 High,This is a description,4 - Low,In Progress,Moderate
INC293,2020-01-26 15:49:12,UserG,2020-02-23 23:40:11,,,2020-03-28 05:47:34,2020-10-20 06:43:35,UserB,2020-04-22 05:58:31,,phone,Hardware,3 Low,This is a description,3 - Moderate,In Progress,Moderate
INC294,2020-02-08 05:32:01,UserF,2020-03-25 20:40:06,,,,,UserG,,2020-05-01 13:40:20,walk-in,Hardware,2 Medium,This is a description,3 - Moderate,Normal,New
INC295,2020-02-11 14:14:02,UserA,2020-03-15 22:07:55,,,,,UserB,2020-05-02 22:15:08,,email,Help,2 Medium,This is a description,4 - Low,,Normal
INC296,2020-02-06 15:34:40,UserB,2020-02-10 18:17:08,,,,2020-09-27 22:48:32,UserA,,,walk-in,Smartphone,2 Medium,This is a description,3 - Moderate,Normal,Normal
INC297,2020-02-03 19:24:37,UserB,2020-02-04 04:57:12,,,2020-04-13 04:27:51,,UserA,2020-05-05 08:21:37,,walk-in,Software,2 Medium,This is a description,2 - High,Normal,Overdue
INC298,2020-02-27 00:39:27,UserB,2020-02-11 03:42:08,,,,,UserA,2020-05-08 08:06:46,,walk-in,Hardware,2 Medium,This is a description,4 - Low,,Normal
INC299,2020-02-11 11:02:56,UserB,2020-03-17 17:18:34,,,,,UserA,2020-04-27 11:51:14,2020-05-26 03:54:24,walk-in,Software,2 Medium,This is a description,5 - Planning,Closed,Moderate
INC300,2020-01-07 17:57:18,UserA,2020-02-20 17:49:59,,,2020-03-03 18:35:38,,UserA,,,walk-in,Hardware,2 Medium,This is a description,5 - Planning,Normal,New
INC301,2020-02-17 04:50:36,UserA,2020-02-02 12:51:40,,,2020-03-12 09:53:31,,UserA,,,email,Hardware,2 Medium,This is a description,4 - Low,,New
INC302,2020-01-24 22:06:36,UserB,2020-03-11 22:10:10,,,2020-04-02 23:49:21,,UserE,,2020-06-12 01:41:53,email,Help,2 Medium,This is a description,2 - High,Normal,Moderate
INC303,2020-01-17 11:36:26,UserC,2020-03-20 22:31:02,2020-07-09 05:27:01,,2020-03-14 12:46:53,,UserA,2020-05-25 08:14:24,,walk-in,Help,2 Medium,This is a description,4 - Low,,New
INC304,2020-02-16 17:51:33,UserE,2020-02-06 00:11:13,,,2020-03-07 16:12:17,,UserA,2020-04-27 02:33:35,2020-06-21 15:58:41,walk-in,Hardware,2 Medium,This is a description,2 - High,Normal,High
INC305,2020-02-06 17:55:53,UserA,2020-03-16 13:29:23,,,,,UserC,,,walk-in,Software,2 Medium,This is a description,5 - Planning,In Progress,High
INC306,2020-01-01 01:35:25,UserB,2020-03-15 07:36:26,,2020-08-10 18:34:03,,,UserA,,,walk-in,Hardware,1 High,This is a description,3 - Moderate,In Progress,New
INC307,2020-01-17 21:35:14,UserB,2020-02-15 13:49:20,,,,,UserG,2020-04-08 02:54:52,2020-06-15 00:40:25,walk-in,Help,2 Medium,This is a description,2 - High,Closed,Overdue
INC308,2020-02-04 20:58:29,UserA,2020-02-24 11:46:07,,,2020-03-21 00:27:34,,UserA,,,walk-in,Software,1 High,This is a description,3 - Moderate,In Progress,Moderate
INC309,2020-02-07 15:22:33,UserB,2020-02-18 15:47:29,,,,,UserA,,,walk-in,Network,2 Medium,This is a description,5 - Planning,Normal,Overdue
INC310,2020-02-01 14:05:19,UserC,2020-03-22 19:05:22,,,2020-03-21 18:11:27,,UserA,2020-04-26 22:28:51,2020-06-12 17:23:21,walk-in,Hardware,3 Low,This is a description,4 - Low,Normal,Moderate
INC311,2020-02-17 20:30:14,UserB,2020-02-08 11:19:08,,2020-08-10 14:36:15,2020-03-05 19:25:12,,UserE,,,walk-in,Hardware,1 High,This is a description,5 - Planning,In Progress,Overdue
INC312,2020-02-07 02:04:17,UserA,2020-03-04 04:57:22,,,2020-03-01 18:32:54,,UserA,,,walk-in,Hardware,2 Medium,This is a description,2 - High,Closed,Normal
INC313,2020-02-22 04:10:31,UserB,2020-02-16 14:28:03,2020-07-10 11:16:21,,,,UserF,,,walk-in,Network,2 Medium,This is a description,2 - High,Normal,Overdue
INC314,2020-01-18 06:59:29,UserD,2020-03-15 12:36:30,,,,,UserD,2020-05-21 21:22:30,,walk-in,Software,1 High,This is a description,2 - High,On Hold,Overdue
INC315,2020-01-06 07:59:52,UserA,2020-03-21 05:03:52,,,2020-03-22 18:02:04,2020-09-17 09:06:51,UserB,,,walk-in,Network,2 Medium,This is a description,1 - Critical,Normal,
INC316,2020-02-10 03:59:54,UserG,2020-03-04 04:09:20,,,,,UserA,,2020-06-12 01:24:45,walk-in,Software,2 Medium,This is a description,4 - Low,Normal,High
INC317,2020-01-17 02:03:05,UserA,2020-03-17 05:47:35,,2020-07-17 14:33:22,2020-04-12 09:26:34,,UserA,,,walk-in,Help,1 High,This is a description,2 - High,,High
INC318,2020-01-11 02:11:27,UserB,2020-02-03 07:58:40,,,,,UserA,,,email,Hardware,2 Medium,This is a description,3 - Moderate,Closed,Normal
INC319,2020-01-07 07:47:50,UserB,2020-02-17 21:06:11,,,,,UserE,2020-05-17 10:14:45,2020-06-12 18:15:28,email,Help,2 Medium,This is a description,5 - Planning,Normal,Moderate
INC320,2020-01-07 19:58:30,UserE,2020-02-11 14:18:33,,,2020-04-05 10:59:26,2020-10-15 19:40:09,UserA,2020-04-22 02:43:04,,email,Smartphone,2 Medium,This is a description,2 - High,Normal,New
INC321,2020-01-14 02:27:14,UserA,2020-02-05 20:57:05,2020-06-03 02:58:05,,,,UserC,2020-05-20 01:35:28,,email,Help,3 Low,This is a description,4 - Low,Closed,High
INC322,2020-02-09 06:35:05,UserB,2020-02-08 12:37:59,2020-07-26 04:29:44,,2020-03-16 19:22:05,,UserG,,2020-06-11 19:31:24,walk-in,Help,1 High,This is a description,3 - Moderate,,High
INC323,2020-02-16 15:59:56,UserC,2020-03-10 06:17:25,,,,,UserE,,,email,Help,2 Medium,This is a description,1 - Critical,In Progress,Normal
INC324,2020-02-01 03:08:58,UserA,2020-02-04 21:49:50,,,2020-03-26 13:19:33,,UserA,,2020-05-06 11:41:20,phone,Help,3 Low,This is a description,1 - Critical,In Progress,
INC325,2020-02-16 19:30:31,UserD,2020-03-28 04:58:15,,,2020-04-15 21:32:44,,UserB,,,email,Hardware,2 Medium,This is a description,5 - Planning,Normal,New
INC326,2020-01-10 08:53:22,UserA,2020-02-22 20:11:33,,,,,UserA,,,email,Help,3 Low,This is a description,2 - High,In Progress,New
INC327,2020-02-05 23:10:52,UserA,2020-02-15 10:33:50,,,,,UserD,,,walk-in,Hardware,3 Low,This is a description,3 - Moderate,Normal,High
INC328,2020-02-12 11:35:06,UserF,2020-03-15 18:26:39,,2020-08-19 23:11:21,2020-03-27 11:09:57,,UserD,2020-05-15 09:54:19,2020-05-02 17:12:12,email,Software,3 Low,This is a description,3 - Moderate,Normal,Moderate
INC329,2020-01-01 01:19:34,UserA,2020-03-27 14:22:26,2020-07-21 20:08:25,2020-07-16 08:31:47,,,UserA,,2020-05-07 04:37:13,walk-in,Software,2 Medium,This is a description,3 - Moderate,On Hold,
INC330,2020-01-23 20:16:03,UserA,2020-03-03 09:50:10,,,,2020-09-24 19:53:37,UserB,,,email,Help,2 Medium,This is a description,3 - Moderate,In Progress,
INC331,2020-02-17 02:23:02,UserB,2020-02-13 00:26:06,2020-06-22 05:02:44,,2020-03-04 14:58:51,,UserA,,,walk-in,Software,1 High,This is a description,1 - Critical,,Overdue
INC332,2020-01-02 10:59:51,UserB,2020-02-20 08:35:08,,,2020-04-15 13:13:54,2020-09-01 08:04:57,UserC,,,phone,Software,2 Medium,This is a description,3 - Moderate,,Overdue
INC333,2020-02-25 22:07:41,UserG,2020-03-22 22:54:22,,,,,UserD,,,email,Hardware,2 Medium,This is a description,4 - Low,Normal,Normal
INC334,2020-02-21 06:37:31,UserA,2020-02-24 12:42:59,,,,,UserG,,2020-05-17 17:13:25,walk-in,Software,2 Medium,This is a description,3 - Moderate,In Progress,Normal
INC335,2020-02-21 08:40:12,UserB,2020-02-06 03:15:23,,2020-07-05 08:40:31,,2020-09-20 14:09:50,UserD,,,walk-in,Software,2 Medium,This is a description,1 - Critical,,
INC336,2020-02-26 05:56:54,UserA,2020-03-23 10:04:46,,,2020-03-02 21:47:58,2020-10-24 21:01:21,UserA,2020-04-22 02:45:26,,email,Help,2 Medium,This is a description,5 - Planning,Normal,
INC337,2020-01-20 22:32:36,UserA,2020-03-02 11:56:41,2020-07-21 11:16:41,,2020-04-05 13:41:08,,UserB,,2020-05-06 12:20:22,walk-in,Hardware,1 High,This is a description,3 - Moderate,Closed,High
INC338,2020-01-10 06:38:02,UserB,2020-02-22 11:04:46,,,2020-04-17 12:42:42,,UserA,,,email,Help,2 Medium,This is a description,3 - Moderate,Closed,New
INC339,2020-01-14 10:26:58,UserA,2020-02-19 22:22:32,2020-07-20 12:45:12,,,,UserA,,,walk-in,Hardware,2 Medium,This is a description,5 - Planning,In Progress,
INC340,2020-02-11 15:01:01,UserD,2020-03-10 08:41:56,,,2020-04-10 00:04:44,,UserD,,,walk-in,Help,2 Medium,This is a description,4 - Low,Normal,New
INC341,2020-02-12 09:35:57,UserA,2020-03-09 15:38:15,2020-06-04 02:52:12,,,,UserA,2020-04-06 01:37:27,2020-06-26 01:03:31,walk-in,Help,1 High,This is a description,3 - Moderate,On Hold,New
INC342,2020-02-08 15:44:52,UserB,2020-02-12 18:16:29,,,2020-03-01 04:20:09,,UserA,,,walk-in,Help,3 Low,This is a description,3 - Moderate,Normal,Normal
INC343,2020-02-21 04:56:36,UserA,2020-03-18 17:06:43,,,,,UserA,,2020-06-10 10:56:31,walk-in,Help,2 Medium,This is a description,5 - Planning,Normal,Overdue
INC344,2020-02-25 21:22:43,UserB,2020-03-03 09:58:34,2020-07-09 20:31:58,,,,UserB,,,walk-in,Network,1 High,This is a description,4 - Low,,Normal
INC345,2020-02-22 21:13:54,UserE,2020-02-26 08:08:45,,,,,UserB,,,email,Smartphone,2 Medium,This is a description,4 - Low,In Progress,New
INC346,2020-02-12 03:11:53,UserA,2020-02-27 05:50:15,,2020-08-14 02:31:42,2020-03-14 10:36:38,2020-09-28 19:08:24,UserE,,2020-06-06 11:29:42,email,Software,2 Medium,This is a description,2 - High,On Hold,Normal
INC347,2020-02-20 03:32:55,UserB,2020-03-22 11:10:31,,,2020-04-12 23:18:08,,UserA,,,walk-in,Network,2 Medium,This is a description,3 - Moderate,On Hold,Moderate
INC348,2020-02-21 09:26:12,UserA,2020-03-11 00:02:49,,,2020-04-28 11:42:30,,UserB,,,walk-in,Smartphone,2 Medium,This is a description,2 - High,Normal,Overdue
INC349,2020-01-05 21:15:03,UserC,2020-02-10 04:36:16,,2020-08-21 16:30:12,2020-04-01 13:38:53,,UserA,,,walk-in,Help,2 Medium,This is a description,1 - Critical,Normal,
INC350,2020-01-01 13:10:58,UserC,2020-03-23 22:47:07,,,2020-04-13 05:08:29,,UserE,2020-04-03 17:51:34,,walk-in,Hardware,2 Medium,This is a description,3 - Moderate,Closed,High
INC351,2020-01-03 01:49:47,UserA,2020-03-28 21:55:42,,,2020-04-08 17:42:33,,UserA,,,walk-in,Help,2 Medium,This is a description,3 - Moderate,,Overdue
INC352,2020-01-28 22:56:03,UserA,2020-03-02 11:05:09,,,,,UserB,2020-05-28 03:41:59,,walk-in,Hardware,1 High,This is a description,2 - High,,Normal
INC353,2020-01-21 16:20:44,UserA,2020-02-23 00:21:33,,,2020-03-16 18:55:34,,UserA,2020-04-16 14:45:49,,email,Help,2 Medium,This is a description,3 - Moderate,Normal,Moderate
INC354,2020-02-02 14:54:12,UserA,2020-03-23 09:40:41,2020-06-07 20:46:17,,,,UserA,2020-04-02 20:42:37,,walk-in,Help,3 Low,This is a description,4 - Low,,Overdue
INC355,2020-01-22 09:15:11,UserA,2020-02-14 12:21:30,,2020-08-07 18:01:23,2020-03-23 17:48:09,,UserF,,,walk-in,Hardware,3 Low,This is a description,3 - Moderate,On Hold,New
INC356,2020-01-20 02:39:54,UserA,2020-02-18 19:20:27,,,,2020-10-17 07:49:08,UserA,2020-05-22 08:17:18,,email,Help,2 Medium,This is a description,4 - Low,Normal,New
INC357,2020-01-04 02:11:40,UserB,2020-03-27 23:47:13,2020-06-07 01:20:33,2020-07-20 22:19:11,2020-03-12 06:41:36,,UserA,,2020-06-14 14:01:31,walk-in,Help,1 High,This is a description,3 - Moderate,In Progress,
INC358,2020-02-11 15:46:18,UserD,2020-03-05 11:13:17,,2020-07-16 18:58:51,,,UserB,,,walk-in,Help,2 Medium,This is a description,2 - High,Normal,Moderate
INC359,2020-02-23 22:13:58,UserG,2020-02-23 19:09:29,,,,,UserC,2020-04-07 14:22:23,,email,Hardware,2 Medium,This is a description,1 - Critical,,
INC360,2020-01-03 16:45:05,UserB,2020-02-17 22:29:12,,2020-07-25 15:22:58,,,UserB,2020-04-24 17:09:22,,email,Hardware,2 Medium,This is a description,4 - Low,In Progress,Overdue
INC361,2020-01-23 04:47:16,UserB,2020-03-27 07:24:06,,,2020-03-28 08:38:07,2020-10-24 08:39:59,UserF,,2020-05-15 13:04:57,walk-in,Software,2 Medium,This is a description,5 - Planning,Closed,Normal
INC362,2020-02-10 20:19:40,UserB,2020-02-24 05:43:20,,,2020-04-16 16:20:29,2020-09-19 23:18:31,UserG,2020-04-10 23:44:29,,walk-in,Help,2 Medium,This is a description,1 - Critical,Normal,Overdue
INC363,2020-02-24 10:33:29,UserC,2020-02-24 16:31:26,,,2020-03-03 13:43:03,,UserA,2020-05-10 11:32:55,,walk-in,Software,2 Medium,This is a description,3 - Moderate,,Normal
INC364,2020-01-21 03:47:49,UserB,2020-02-18 13:19:06,,,2020-04-21 00:21:55,,UserA,2020-05-16 20:24:56,,walk-in,Help,1 High,This is a description,3 - Moderate,In Progress,
INC365,2020-01-18 15:16:56,UserG,2020-03-15 05:54:29,,,2020-03-08 16:39:26,,UserD,,,walk-in,Hardware,3 Low,This is a description,2 - High,In Progress,Overdue
INC366,2020-02-23 02:33:51,UserA,2020-02-15 09:30:49,,,,,UserA,,,walk-in,Help,1 High,This is a description,2 - High,In Progress,
INC367,2020-02-24 11:52:25,UserA,2020-02-09 03:52:34,2020-07-14 12:30:14,,,,UserA,2020-05-05 23:53:47,,walk-in,Software,3 Low,This is a description,3 - Moderate,Normal,
INC368,2020-02-05 14:41:03,UserD,2020-03-26 21:35:34,,2020-08-06 01:15:42,2020-04-01 22:39:48,,UserA,2020-05-09 12:08:50,,walk-in,Software,2 Medium,This is a description,5 - Planning,Closed,
INC369,2020-01-07 00:45:29,UserA,2020-03-13 15:35:43,,,,,UserA,,,email,Hardware,2 Medium,This is a description,4 - Low,,New
INC370,2020-01-24 11:51:20,UserA,2020-03-10 04:36:18,,,2020-03-06 18:32:41,,UserA,,,walk-in,Software,3 Low,This is a description,1 - Critical,In Progress,Normal
INC371,2020-02-04 03:52:01,UserF,2020-03-17 21:59:26,,,,,UserB,,2020-06-04 21:11:57,walk-in,Hardware,2 Medium,This is a description,2 - High,Normal,Normal
INC372,2020-02-07 10:21:15,UserB,2020-02-03 15:37:27,,2020-08-10 15:41:19,,,UserA,,2020-06-18 21:34:34,email,Software,3 Low,This is a description,2 - High,,Normal
INC373,2020-02-25 15:34:20,UserF,2020-03-23 00:51:01,2020-06-04 14:50:05,,,,UserB,2020-04-15 22:15:53,2020-05-16 15:40:53,walk-in,Hardware,1 High,This is a description,5 - Planning,On Hold,Moderate
INC374,2020-01-02 07:48:21,UserA,2020-02-22 21:48:44,2020-07-07 04:11:58,2020-07-14 00:42:20,2020-03-18 02:05:14,,UserD,2020-04-07 01:10:28,,walk-in,Software,2 Medium,This is a description,2 - High,,
INC375,2020-02-22 21:56:13,UserA,2020-03-02 04:19:18,,,,,UserD,,,walk-in,Hardware,3 Low,This is a description,2 - High,In Progress,
INC376,2020-01-05 22:59:31,UserE,2020-02-21 10:21:54,,,2020-04-07 19:46:57,,UserG,,,phone,Software,3 Low,This is a description,3 - Moderate,Normal,
INC377,2020-02-19 17:20:10,UserA,2020-02-14 23:40:51,,,,,UserB,,,walk-in,Software,3 Low,This is a description,1 - Critical,In Progress,Normal
INC378,2020-02-26 07:22:23,UserB,2020-02-23 22:41:27,,,,,UserA,,,email,Software,1 High,This is a description,2 - High,In Progress,Overdue
INC379,2020-02-25 07:26:34,UserD,2020-02-18 18:28:28,,,,,UserE,,2020-05-13 04:46:26,walk-in,Hardware,2 Medium,This is a description,4 - Low,In Progress,Overdue
INC380,2020-02-26 06:20:18,UserA,2020-02-19 05:17:45,,,,,UserE,2020-04-17 05:51:53,,walk-in,Network,2 Medium,This is a description,4 - Low,In Progress,Normal
INC381,2020-02-08 15:37:17,UserE,2020-03-01 17:22:59,,,,,UserB,,,phone,Help,1 High,This is a description,2 - High,Normal,
INC382,2020-01-14 05:24:58,UserG,2020-03-11 12:17:29,,,,,UserA,,,walk-in,Hardware,1 High,This is a description,4 - Low,,Moderate
INC383,2020-01-02 23:31:13,UserB,2020-02-11 17:41:19,,2020-07-13 09:15:39,2020-04-01 19:50:17,,UserB,2020-04-23 18:06:25,,email,Help,2 Medium,This is a description,2 - High,Closed,Overdue
INC384,2020-02-11 23:28:23,UserA,2020-03-10 07:50:28,,,2020-03-22 15:40:51,,UserB,,2020-05-14 08:26:05,walk-in,Hardware,3 Low,This is a description,4 - Low,On Hold,
INC385,2020-02-08 13:04:17,UserB,2020-02-21 13:48:21,,,2020-04-07 23:41:20,,UserF,,2020-05-23 10:16:37,walk-in,Help,3 Low,This is a description,3 - Moderate,Normal,New
INC386,2020-01-24 14:20:20,UserB,2020-02-25 05:39:36,2020-06-07 00:41:49,,,,UserA,,,phone,Smartphone,2 Medium,This is a description,5 - Planning,,High
INC387,2020-02-02 11:32:51,UserA,2020-02-18 16:32:38,,,,,UserB,,,walk-in,Hardware,2 Medium,This is a description,4 - Low,In Progress,New
INC388,2020-01-05 16:35:21,UserC,2020-02-24 20:38:32,,,,,UserF,2020-05-06 06:26:54,,phone,Hardware,2 Medium,This is a description,3 - Moderate,,Normal
INC389,2020-01-12 15:10:55,UserG,2020-02-13 02:08:48,,2020-07-20 01:16:37,,,UserG,2020-04-25 04:02:13,,walk-in,Software,2 Medium,This is a description,5 - Planning,Normal,New
INC390,2020-02-17 23:11:35,UserA,2020-03-21 10:12:50,,2020-07-28 16:22:09,2020-03-27 05:18:59,,UserA,2020-04-17 04:25:15,,email,Hardware,1 High,This is a description,2 - High,Closed,
INC391,2020-01-16 01:17:58,UserC,2020-03-18 09:26:42,,,,,UserF,,,phone,Network,3 Low,This is a description,3 - Moderate,,Overdue
INC392,2020-02-14 04:45:13,UserE,2020-03-06 02:38:33,,,2020-03-04 23:52:33,,UserE,,,walk-in,Hardware,1 High,This is a description,3 - Moderate,In Progress,Moderate
INC393,2020-02-18 12:57:06,UserG,2020-03-20 06:52:06,,,,,UserD,,2020-06-02 14:17:16,walk-in,Smartphone,2 Medium,This is a description,4 - Low,In Progress,High
INC394,2020-01-19 11:13:02,UserA,2020-02-16 05:44:53,,2020-07-05 10:33:25,,,UserA,2020-05-08 21:02:17,2020-06-21 04:23:04,email,Hardware,2 Medium,This is a description,1 - Critical,On Hold,Moderate
INC395,2020-02-04 23:38:34,UserB,2020-02-15 03:14:52,,,,,UserE,,2020-05-21 10:44:57,email,Software,2 Medium,This is a description,3 - Moderate,Normal,High
INC396,2020-02-24 19:37:57,UserA,2020-02-09 09:35:14,,,,,UserD,,,phone,Hardware,3 Low,This is a description,5 - Planning,In Progress,Normal
INC397,2020-01-19 23:02:05,UserA,2020-02-13 06:21:45,,,2020-03-21 02:29:56,,UserG,2020-04-07 22:54:46,,walk-in,Help,2 Medium,This is a description,3 - Moderate,On Hold,Overdue
INC398,2020-01-01 03:27:12,UserG,2020-03-11 05:04:42,,,2020-03-05 03:44:18,,UserB,2020-05-11 04:01:52,2020-06-25 20:31:23,email,Help,2 Medium,This is a description,4 - Low,Normal,New
INC399,2020-01-24 16:51:13,UserA,2020-03-14 16:34:47,,2020-07-23 00:51:19,2020-04-02 10:37:14,,UserE,,2020-05-24 17:46:38,walk-in,Smartphone,2 Medium,This is a description,4 - Low,,Normal
INC400,2020-02-14 13:23:22,UserA,2020-02-01 23:39:48,,,,,UserB,,,walk-in,Smartphone,2 Medium,This is a description,4 - Low,On Hold,High
INC401,2020-02-22 06:19:28,UserC,2020-02-09 23:16:25,2020-07-21 16:24:02,2020-08-16 14:11:28,2020-04-19 12:49:36,,UserE,,,walk-in,Hardware,2 Medium,This is a description,4 - Low,Normal,Overdue
INC402,2020-01-24 11:01:27,UserD,2020-02-06 05:40:29,,,,,UserA,,,email,Software,2 Medium,This is a description,1 - Critical,Normal,New
INC403,2020-02-05 07:39:32,UserB,2020-02-20 13:12:54,,,,,UserA,2020-05-13 14:38:17,,email,Network,3 Low,This is a description,4 - Low,Normal,New
INC404,2020-02-14 05:34:09,UserA,2020-03-19 02:25:04,,2020-07-02 05:52:36,2020-03-14 18:48:38,,UserA,2020-04-04 05:32:59,2020-06-01 10:31:23,walk-in,Network,2 Medium,This is a description,5 - Planning,On Hold,Normal
INC405,2020-01-02 10:48:51,UserC,2020-03-01 02:59:26,2020-07-20 03:01:07,,,,UserB,2020-04-02 01:48:19,2020-05-21 12:13:27,email,Software,3 Low,This is a description,3 - Moderate,,High
INC406,2020-01-26 05:41:56,UserA,2020-02-18 14:51:03,,2020-07-24 19:24:16,,,UserG,,,walk-in,Hardware,2 Medium,This is a description,2 - High,In Progress,Normal
INC407,2020-01-22 23:28:56,UserE,2020-03-17 19:08:41,2020-06-18 12:17:12,,2020-04-27 00:14:17,,UserG,2020-05-16 20:15:49,2020-05-18 16:24:50,walk-in,Software,3 Low,This is a description,3 - Moderate,In Progress,Overdue
INC408,2020-01-13 08:07:54,UserF,2020-02-14 00:34:40,,,2020-04-28 17:51:52,,UserB,,,phone,Software,3 Low,This is a description,2 - High,Closed,Normal
INC409,2020-01-05 06:03:41,UserA,2020-02-10 01:24:52,,,2020-04-20 03:56:54,,UserD,2020-05-27 14:36:09,,walk-in,Help,2 Medium,This is a description,2 - High,In Progress,Moderate
INC410,2020-02-16 14:49:05,UserA,2020-03-07 04:09:42,,,2020-04-06 12:56:31,,UserB,2020-05-07 06:25:47,2020-05-01 21:11:31,walk-in,Network,1 High,This is a description,4 - Low,Normal,Normal
INC411,2020-02-01 22:51:15,UserD,2020-03-04 05:58:11,2020-07-03 21:39:44,,2020-03-06 14:24:41,2020-09-19 03:42:44,UserE,,2020-06-17 05:18:13,email,Smartphone,2 Medium,This is a description,4 - Low,On Hold,Normal
INC412,2020-02-16 02:57:49,UserB,2020-02-28 02:03:24,,,,,UserA,,,email,Help,3 Low,This is a description,2 - High,In Progress,New
INC413,2020-01-13 05:30:06,UserB,2020-03-24 05:10:38,,,,,UserC,,,phone,Hardware,2 Medium,This is a description,1 - Critical,Normal,Overdue
INC414,2020-02-05 05:01:01,UserG,2020-03-01 10:33:48,,,,,UserA,,,walk-in,Help,3 Low,This is a description,5 - Planning,In Progress,Overdue
INC415,2020-02-14 04:07:44,UserC,2020-03-16 16:31:49,,2020-07-04 13:43:17,2020-03-12 19:03:01,,UserB,2020-04-10 02:09:42,,email,Hardware,2 Medium,This is a description,3 - Moderate,,New
INC416,2020-02-03 00:51:04,UserB,2020-02-14 07:40:38,,,,2020-10-13 22:51:16,UserA,,,walk-in,Hardware,2 Medium,This is a description,3 - Moderate,Normal,Moderate
INC417,2020-01-25 04:22:15,UserE,2020-02-15 04:10:58,,,,,UserB,,,walk-in,Software,2 Medium,This is a description,3 - Moderate,Closed,Overdue
INC418,2020-01-09 01:17:14,UserG,2020-02-01 15:40:19,,,,,UserB,,2020-06-21 22:22:42,email,Hardware,2 Medium,This is a description,4 - Low,,New
INC419,2020-02-15 21:53:52,UserB,2020-03-11 23:49:33,,,2020-04-20 13:04:47,,UserF,,,email,Software,2 Medium,This is a description,2 - High,In Progress,Normal
INC420,2020-01-26 08:54:04,UserC,2020-02-21 18:30:43,,,2020-04-23 00:29:44,,UserF,,,walk-in,Help,2 Medium,This is a description,1 - Critical,Normal,
INC421,2020-02-25 01:16:19,UserB,2020-03-15 08:41:43,,,,,UserA,,,walk-in,Software,3 Low,This is a description,3 - Moderate,Closed,Normal
INC422,2020-01-14 12:14:11,UserB,2020-02-15 03:42:13,,,,,UserA,,,walk-in,Help,2 Medium,This is a description,3 - Moderate,On Hold,Overdue
INC423,2020-02-06 17:51:55,UserB,2020-02-19 02:21:44,,,,,UserB,,2020-06-15 22:47:09,walk-in,Hardware,3 Low,This is a description,4 - Low,In Progress,Overdue
INC424,2020-01-16 05:25:30,UserG,2020-02-01 23:40:18,,2020-07-02 09:21:30,2020-03-23 11:44:28,,UserC,2020-04-02 02:04:22,2020-06-28 02:37:30,email,Hardware,1 High,This is a description,3 - Moderate,In Progress,
INC425,2020-02-20 19:10:48,UserA,2020-02-10 03:38:47,,,2020-03-20 23:39:30,,UserA,,2020-06-03 22:45:18,walk-in,Help,3 Low,This is a description,5 - Planning,Normal,Normal
INC426,2020-02-25 11:32:31,UserB,2020-03-21 03:45:35,,,2020-03-27 05:49:52,2020-10-25 22:13:41,UserA,2020-05-13 13:48:45,2020-05-01 00:08:47,walk-in,Software,1 High,This is a description,5 - Planning,Closed,
INC427,2020-01-26 07:08:04,UserB,2020-03-04 04:05:07,2020-07-02 15:29:33,,2020-03-03 04:18:43,,UserB,2020-05-27 02:02:37,,email,Hardware,2 Medium,This is a description,1 - Critical,On Hold,New
INC428,2020-02-23 00:40:51,UserA,2020-02-13 21:48:49,,2020-07-21 04:52:58,,,UserA,2020-05-26 10:18:07,,walk-in,Software,2 Medium,This is a description,3 - Moderate,Normal,
INC429,2020-01-12 14:21:45,UserD,2020-02-16 15:31:54,,,,,UserC,2020-04-05 13:05:16,,walk-in,Hardware,2 Medium,This is a description,1 - Critical,In Progress,Overdue
INC430,2020-01-11 02:31:48,UserD,2020-02-06 10:46:50,,,2020-03-17 04:54:34,,UserD,,,walk-in,Help,2 Medium,This is a description,4 - Low,On Hold,High
INC431,2020-01-25 06:38:51,UserA,2020-02-09 03:44:59,,,,,UserF,,,phone,Help,1 High,This is a description,4 - Low,Closed,Normal
INC432,2020-01-15 13:02:51,UserA,2020-03-26 14:59:09,,,,,UserB,,2020-06-02 01:49:22,walk-in,Software,2 Medium,This is a description,1 - Critical,Normal,Overdue
INC433,2020-01-18 16:36:33,UserA,2020-02-17 04:05:56,,,,,UserB,,,email,Smartphone,2 Medium,This is a description,4 - Low,Normal,
INC434,2020-02-18 20:42:17,UserF,2020-02-14 03:18:32,,2020-07-01 12:29:58,,2020-10-03 22:12:11,UserA,2020-04-15 02:56:34,,email,Help,3 Low,This is a description,3 - Moderate,On Hold,Normal
INC435,2020-02-27 03:18:54,UserF,2020-02-16 00:18:20,,2020-07-17 09:36:08,,2020-09-17 12:35:30,UserB,,2020-05-10 03:24:34,walk-in,Software,2 Medium,This is a description,3 - Moderate,,
INC436,2020-01-18 18:41:05,UserF,2020-03-12 21:29:55,,,2020-03-01 08:31:24,,UserB,,2020-06-06 15:23:29,walk-in,Help,2 Medium,This is a description,2 - High,Normal,
INC437,2020-01-13 22:44:56,UserA,2020-03-24 10:24:01,,2020-07-22 08:33:38,,,UserE,,,walk-in,Help,1 High,This is a description,2 - High,,Overdue
INC438,2020-01-17 01:44:05,UserD,2020-02-11 11:29:19,,,,,UserG,2020-04-27 10:57:38,2020-05-04 16:32:37,email,Software,3 Low,This is a description,4 - Low,,Normal
INC439,2020-01-25 22:38:14,UserG,2020-02-14 20:59:30,,2020-07-08 20:44:47,2020-03-04 17:25:05,,UserB,2020-05-21 18:57:17,,walk-in,Hardware,3 Low,This is a description,3 - Moderate,In Progress,Overdue
INC440,2020-02-07 08:39:38,UserE,2020-03-27 13:41:55,,2020-07-17 16:29:35,,,UserB,2020-04-11 10:52:29,2020-05-19 19:18:12,phone,Network,1 High,This is a description,4 - Low,Normal,New
INC441,2020-01-20 05:20:56,UserB,2020-03-18 03:11:37,,,,,UserA,,,email,Smartphone,2 Medium,This is a description,4 - Low,In Progress,
INC442,2020-02-26 15:33:25,UserB,2020-02-13 19:03:54,,,2020-04-04 12:19:35,,UserB,,2020-05-16 15:28:03,walk-in,Smartphone,2 Medium,This is a description,3 - Moderate,,New
INC443,2020-01-01 15:34:13,UserG,2020-03-04 02:19:43,,,2020-04-17 09:17:25,,UserB,2020-04-27 05:13:55,,walk-in,Software,2 Medium,This is a description,4 - Low,Normal,Overdue
INC444,2020-01-12 04:33:39,UserA,2020-03-27 05:34:43,,,,,UserB,,,walk-in,Hardware,1 High,This is a description,4 - Low,Normal,Overdue
INC445,2020-02-18 06:18:44,UserA,2020-02-17 13:46:15,2020-07-17 13:32:24,2020-07-15 16:04:01,2020-03-24 20:36:04,2020-10-17 15:24:51,UserB,,,walk-in,Network,2 Medium,This is a description,4 - Low,In Progress,High
INC446,2020-02-27 21:20:37,UserB,2020-03-10 20:39:49,,,2020-04-10 01:27:35,,UserA,,,email,Software,2 Medium,This is a description,5 - Planning,Normal,Normal
INC447,2020-02-02 00:14:09,UserA,2020-02-20 17:11:08,,,2020-03-11 09:29:03,,UserA,,,email,Smartphone,2 Medium,This is a description,5 - Planning,,
INC448,2020-01-04 20:42:42,UserG,2020-02-03 02:53:58,,2020-07-06 20:27:12,2020-03-24 19:16:12,,UserD,,,walk-in,Software,2 Medium,This is a description,2 - High,,Overdue
INC449,2020-02-22 08:13:54,UserA,2020-02-11 23:18:16,,2020-07-27 20:11:09,,,UserA,,,walk-in,Hardware,2 Medium,This is a description,4 - Low,Normal,Normal
INC450,2020-01-04 09:02:56,UserA,2020-03-05 14:41:03,,,2020-04-05 17:41:40,,UserA,,,email,Help,2 Medium,This is a description,4 - Low,Normal,Normal
INC451,2020-01-11 02:10:10,UserC,2020-03-04 02:14:43,,,,,UserB,,,walk-in,Smartphone,2 Medium,This is a description,3 - Moderate,In Progress,
INC452,2020-01-07 04:22:40,UserA,2020-03-21 06:32:09,,,2020-03-24 02:07:31,,UserB,,,email,Software,3 Low,This is a description,2 - High,In Progress,High
INC453,2020-02-02 15:55:33,UserA,2020-03-15 12:56:29,,,2020-03-25 00:14:22,,UserD,,,walk-in,Software,2 Medium,This is a description,3 - Moderate,Closed,Moderate
INC454,2020-02-02 13:01:39,UserA,2020-03-08 06:04:29,,,,,UserE,,,walk-in,Smartphone,3 Low,This is a description,3 - Moderate,,New
INC455,2020-01-10 19:19:59,UserA,2020-02-25 16:24:11,,,,,UserF,2020-04-09 22:43:59,,email,Network,3 Low,This is a description,3 - Moderate,In Progress,New
INC456,2020-01-26 07:31:12,UserA,2020-03-02 11:31:12,2020-07-10 11:24:44,,2020-04-19 05:30:09,,UserA,2020-05-15 04:05:32,,email,Hardware,3 Low,This is a description,2 - High,In Progress,
INC457,2020-01-20 13:33:08,UserA,2020-03-10 20:42:58,,,2020-04-11 01:14:51,,UserB,,2020-06-27 13:06:33,walk-in,Hardware,3 Low,This is a description,4 - Low,On Hold,New
INC458,2020-01-28 05:27:21,UserB,2020-03-18 01:48:03,,,2020-03-16 10:05:08,2020-10-08 05:07:30,UserA,,,email,Help,1 High,This is a description,4 - Low,Normal,Normal
INC459,2020-01-04 07:45:31,UserE,2020-02-19 15:24:58,,,,,UserA,,,phone,Help,2 Medium,This is a description,3 - Moderate,,New
INC460,2020-02-10 13:45:25,UserF,2020-03-08 02:29:09,2020-07-11 07:30:25,,,,UserA,2020-05-05 08:04:23,,walk-in,Hardware,2 Medium,This is a description,5 - Planning,On Hold,High
INC461,2020-01-24 14:07:57,UserA,2020-03-11 01:11:19,,,2020-04-15 04:10:52,,UserB,,,walk-in,Hardware,1 High,This is a description,3 - Moderate,Normal,New
INC462,2020-01-09 06:38:32,UserA,2020-03-26 20:03:31,,,,,UserA,2020-04-02 18:46:21,,walk-in,Help,2 Medium,This is a description,3 - Moderate,In Progress,Moderate
INC463,2020-01-17 20:53:04,UserA,2020-02-20 15:04:18,,2020-08-25 08:27:28,,,UserA,2020-04-13 18:19:56,,walk-in,Help,2 Medium,This is a description,3 - Moderate,On Hold,Normal
INC464,2020-01-08 14:07:39,UserC,2020-02-14 16:18:26,2020-07-11 15:41:38,,2020-04-16 22:22:26,,UserA,,,walk-in,Software,2 Medium,This is a description,4 - Low,In Progress,Normal
INC465,2020-01-12 22:20:10,UserG,2020-02-09 22:03:45,,,,,UserA,,,walk-in,Hardware,2 Medium,This is a description,4 - Low,Normal,Overdue
INC466,2020-01-16 01:07:17,UserA,2020-03-03 01:14:45,,,,,UserG,,,email,Hardware,2 Medium,This is a description,4 - Low,On Hold,Moderate
INC467,2020-01-01 02:02:52,UserB,2020-03-25 22:10:52,,,,,UserD,,,email,Help,1 High,This is a description,4 - Low,In Progress,Overdue
INC468,2020-01-21 14:35:35,UserB,2020-02-17 22:24:13,,,2020-04-28 12:58:09,,UserA,,2020-06-07 06:19:46,walk-in,Software,2 Medium,This is a description,3 - Moderate,Normal,Normal
INC469,2020-02-07 15:58:51,UserB,2020-03-24 04:08:42,2020-06-12 21:17:44,2020-08-23 17:45:40,2020-03-23 09:17:17,2020-09-25 12:54:26,UserA,,2020-06-02 23:44:44,phone,Network,2 Medium,This is a description,3 - Moderate,Normal,New
INC470,2020-01-15 12:32:24,UserA,2020-02-21 08:07:51,,,,,UserA,,,email,Software,2 Medium,This is a description,3 - Moderate,On Hold,
INC471,2020-01-27 22:50:23,UserD,2020-02-06 08:07:39,,,2020-04-17 15:07:56,,UserA,2020-04-05 17:48:21,,walk-in,Help,3 Low,This is a description,5 - Planning,In Progress,Moderate
INC472,2020-01-13 20:26:45,UserA,2020-02-23 23:45:42,,2020-08-09 13:50:40,2020-03-24 13:26:46,,UserG,,,phone,Smartphone,2 Medium,This is a description,4 - Low,Normal,
INC473,2020-01-20 09:57:59,UserB,2020-03-28 14:12:45,,2020-08-15 00:55:08,2020-03-17 21:51:12,2020-09-05 13:17:04,UserB,,,email,Smartphone,2 Medium,This is a description,2 - High,On Hold,Overdue
INC474,2020-02-17 05:15:56,UserC,2020-02-04 14:37:14,,,,,UserE,,,email,Help,2 Medium,This is a description,3 - Moderate,,New
INC475,2020-01-08 06:56:26,UserE,2020-02-24 08:25:05,2020-06-07 05:41:39,,,,UserB,,,email,Help,2 Medium,This is a description,3 - Moderate,,Overdue
INC476,2020-01-28 16:04:28,UserA,2020-02-17 12:18:48,,2020-08-20 16:03:20,,,UserB,,2020-06-02 10:04:26,email,Help,2 Medium,This is a description,5 - Planning,,
INC477,2020-02-28 22:44:14,UserG,2020-02-19 14:17:37,2020-06-03 21:25:50,,2020-03-01 12:09:19,,UserA,,,email,Help,1 High,This is a description,4 - Low,Closed,New
INC478,2020-01-21 16:05:47,UserG,2020-03-13 04:20:06,2020-06-11 14:09:18,,,,UserB,,,walk-in,Software,2 Medium,This is a description,4 - Low,On Hold,New
INC479,2020-01-20 15:01:24,UserA,2020-02-16 18:18:14,,,,,UserC,,,email,Software,2 Medium,This is a description,3 - Moderate,Normal,Moderate
INC480,2020-02-03 22:59:26,UserD,2020-03-03 05:27:11,,,2020-03-02 04:22:02,,UserA,,,walk-in,Software,1 High,This is a description,4 - Low,In Progress,Moderate
INC481,2020-02-19 00:26:52,UserB,2020-02-02 20:12:01,,,,,UserA,,2020-06-26 15:43:56,walk-in,Software,2 Medium,This is a description,4 - Low,,Overdue
INC482,2020-02-24 13:18:51,UserA,2020-03-17 08:19:58,,,,,UserB,,,phone,Software,2 Medium,This is a description,4 - Low,Normal,New
INC483,2020-01-02 22:02:26,UserA,2020-02-26 23:18:56,,,,,UserF,,2020-06-09 19:47:08,walk-in,Software,2 Medium,This is a description,4 - Low,Normal,Moderate
INC484,2020-02-15 11:17:55,UserB,2020-03-05 06:58:49,,,2020-03-13 16:27:19,,UserB,,2020-05-10 10:27:25,walk-in,Help,2 Medium,This is a description,3 - Moderate,Normal,
INC485,2020-02-20 21:24:37,UserB,2020-03-08 06:12:59,,,2020-04-09 23:53:40,,UserA,,2020-05-22 17:24:53,walk-in,Software,2 Medium,This is a description,2 - High,Normal,
INC486,2020-01-01 23:39:17,UserE,2020-02-20 21:21:59,,2020-08-15 12:28:20,,,UserB,,,walk-in,Hardware,2 Medium,This is a description,4 - Low,In Progress,High
INC487,2020-01-19 18:18:41,UserB,2020-03-05 11:42:44,,,2020-04-24 08:07:42,,UserA,,,phone,Help,2 Medium,This is a description,3 - Moderate,,Normal
INC488,2020-01-07 18:57:23,UserA,2020-02-28 14:21:42,,,2020-03-18 16:32:42,2020-09-14 13:50:36,UserA,2020-04-16 21:42:44,,walk-in,Hardware,1 High,This is a description,3 - Moderate,Normal,New
INC489,2020-02-05 00:06:51,UserB,2020-02-15 01:38:39,2020-06-19 12:41:57,,2020-04-21 16:04:53,,UserA,2020-04-07 23:29:17,2020-05-03 05:42:25,walk-in,Smartphone,2 Medium,This is a description,2 - High,Normal,Overdue
INC490,2020-01-25 17:55:45,UserG,2020-02-15 17:43:02,,,,,UserA,,,phone,Hardware,2 Medium,This is a description,1 - Critical,Normal,New
INC491,2020-01-16 22:47:17,UserA,2020-02-21 18:07:11,,2020-08-18 04:56:16,,,UserC,,,email,Software,2 Medium,This is a description,2 - High,Normal,Overdue
INC492,2020-02-18 16:44:31,UserB,2020-02-12 02:50:36,,,2020-04-15 09:45:19,2020-09-13 12:40:44,UserA,,,email,Software,3 Low,This is a description,3 - Moderate,Normal,Normal
INC493,2020-02-26 23:12:31,UserA,2020-02-16 23:18:37,,,2020-04-09 11:23:48,,UserB,,2020-06-18 09:32:32,walk-in,Network,3 Low,This is a description,2 - High,,Normal
INC494,2020-01-17 12:20:46,UserB,2020-03-13 13:27:56,,,2020-04-11 08:54:12,2020-10-02 23:17:06,UserF,2020-04-03 12:18:08,,email,Software,3 Low,This is a description,3 - Moderate,,Normal
INC495,2020-01-21 04:44:46,UserB,2020-02-27 10:43:37,,,,,UserA,,,phone,Smartphone,2 Medium,This is a description,1 - Critical,Normal,New
INC496,2020-01-23 06:15:14,UserE,2020-03-02 09:36:03,,,2020-03-27 11:22:08,,UserA,2020-04-23 01:47:56,,phone,Smartphone,2 Medium,This is a description,1 - Critical,In Progress,New
INC497,2020-02-23 11:05:24,UserD,2020-02-20 21:23:51,,,,,UserE,,,walk-in,Help,1 High,This is a description,2 - High,,New
INC498,2020-01-20 04:15:41,UserF,2020-03-23 14:30:10,2020-07-19 17:04:28,,2020-03-21 19:40:03,2020-09-13 01:25:07,UserF,,2020-05-26 03:15:44,walk-in,Help,2 Medium,This is a description,4 - Low,Closed,Overdue
