
SQL*Loader: Release 19.0.0.0.0 - Production on 水 4月 30 14:25:00 2025
Version 19.3.0.0.0

Copyright (c) 1982, 2019, Oracle and/or its affiliates.  All rights reserved.

制御ファイル:    sample.ctl
データファイルdepartment.csv
  不良ファイル:  department.bad
  廃棄ファイル:  指定なし

 (すべて廃棄できます)

ロード数: ALL
スキップ数: 1
許容エラー数: 50
バインド配列:    250行、最大1048576バイト
継続文字:    指定なし
使用パス:      従来型

表DEPARTMENT、 ロード済 すべての論理レコードから
この表に対する有効な挿入オプション: APPEND
TRAILING NULLCOLSオプションは有効です。

   列名                  位置   長さ  用語暗号化データ型
------------------------------ ---------- ----- ---- ---- ---------------------
ID                                 FIRST    *  ,     CHARACTER            
NAME                                NEXT    *  ,     CHARACTER            


表DEPARTMENT:
  3 行は正常にロードされました。
  0 行はデータ・エラーのためロードされませんでした。
  0 行は、すべてのWHEN句が失敗したためロードされませんでした。
  0 行はすべてのフィールドがNULLであったためロードされませんでした。


バインド配列に割り当てられた領域:   129000バイト(250行)
読取りバッファのバイト数:  1048576

スキップされた論理レコードの合計:          1
読み込まれた論理レコードの合計:             3
拒否された論理レコードの合計:               0
廃棄された論理レコードの合計:        0

実行開始水 4月  30 14:25:00 2025
実行終了水 4月  30 14:25:00 2025

実行時間:        00: 00: 00.26
CPU時間 :        00: 00: 00.14
